2015-08-03 20:20:26 DEBUG SpringJUnit4ClassRunner:105 - SpringJUnit4ClassRunner constructor called with [class com.blackrock.boris.dao.ArticlesDaoTest].
2015-08-03 20:20:26 DEBUG AbstractDelegatingSmartContextLoader:89 - Delegating to GenericXmlContextLoader to process context configuration [ContextConfigurationAttributes@46c1121e declaringClass = 'com.blackrock.boris.dao.ArticlesDaoTest', locations = '{classpath:spring-hibernate.xml}', classes = '{}', inheritLocations = true, initializers = '{}', inheritInitializers = true, name = [null], contextLoaderClass = 'org.springframework.test.context.ContextLoader'].
2015-08-03 20:20:26 DEBUG ContextLoaderUtils:502 - Could not find an 'annotation declaring class' for annotation type [org.springframework.test.context.ActiveProfiles] and class [com.blackrock.boris.dao.ArticlesDaoTest]
2015-08-03 20:20:26 DEBUG TestContextManager:190 - @TestExecutionListeners is not present for class [com.blackrock.boris.dao.ArticlesDaoTest]: using defaults.
2015-08-03 20:20:26 INFO  TestContextManager:242 - Could not instantiate TestExecutionListener [org.springframework.test.context.web.ServletTestExecutionListener]. Specify custom listener classes or make the default listener classes (and their required dependencies) available. Offending class: [javax/servlet/ServletContext]
2015-08-03 20:20:26 DEBUG ProfileValueUtils:70 - Retrieved @ProfileValueSourceConfiguration [null] for test class [com.blackrock.boris.dao.ArticlesDaoTest]
2015-08-03 20:20:26 DEBUG ProfileValueUtils:82 - Retrieved ProfileValueSource type [class org.springframework.test.annotation.SystemProfileValueSource] for class [com.blackrock.boris.dao.ArticlesDaoTest]
2015-08-03 20:20:26 DEBUG ProfileValueUtils:70 - Retrieved @ProfileValueSourceConfiguration [null] for test class [com.blackrock.boris.dao.ArticlesDaoTest]
2015-08-03 20:20:26 DEBUG ProfileValueUtils:82 - Retrieved ProfileValueSource type [class org.springframework.test.annotation.SystemProfileValueSource] for class [com.blackrock.boris.dao.ArticlesDaoTest]
2015-08-03 20:20:26 DEBUG ProfileValueUtils:70 - Retrieved @ProfileValueSourceConfiguration [null] for test class [com.blackrock.boris.dao.ArticlesDaoTest]
2015-08-03 20:20:26 DEBUG ProfileValueUtils:82 - Retrieved ProfileValueSource type [class org.springframework.test.annotation.SystemProfileValueSource] for class [com.blackrock.boris.dao.ArticlesDaoTest]
2015-08-03 20:20:26 DEBUG ProfileValueUtils:70 - Retrieved @ProfileValueSourceConfiguration [null] for test class [com.blackrock.boris.dao.ArticlesDaoTest]
2015-08-03 20:20:26 DEBUG ProfileValueUtils:82 - Retrieved ProfileValueSource type [class org.springframework.test.annotation.SystemProfileValueSource] for class [com.blackrock.boris.dao.ArticlesDaoTest]
2015-08-03 20:20:26 DEBUG ProfileValueUtils:70 - Retrieved @ProfileValueSourceConfiguration [null] for test class [com.blackrock.boris.dao.ArticlesDaoTest]
2015-08-03 20:20:26 DEBUG ProfileValueUtils:82 - Retrieved ProfileValueSource type [class org.springframework.test.annotation.SystemProfileValueSource] for class [com.blackrock.boris.dao.ArticlesDaoTest]
2015-08-03 20:20:26 DEBUG DependencyInjectionTestExecutionListener:73 - Performing dependency injection for test context [[DefaultTestContext@20ba650b testClass = ArticlesDaoTest, testInstance = com.blackrock.boris.dao.ArticlesDaoTest@2d3fc5f6, testMethod = [null], testException = [null], mergedContextConfiguration = [MergedContextConfiguration@35ddb0af testClass = ArticlesDaoTest, locations = '{classpath:spring-hibernate.xml}', classes = '{}', contextInitializerClasses = '[]', activeProfiles = '{}', contextLoader = 'org.springframework.test.context.support.DelegatingSmartContextLoader', parent = [null]]]].
2015-08-03 20:20:26 DEBUG AbstractDelegatingSmartContextLoader:98 - Delegating to GenericXmlContextLoader to load context from [MergedContextConfiguration@35ddb0af testClass = ArticlesDaoTest, locations = '{classpath:spring-hibernate.xml}', classes = '{}', contextInitializerClasses = '[]', activeProfiles = '{}', contextLoader = 'org.springframework.test.context.support.DelegatingSmartContextLoader', parent = [null]].
2015-08-03 20:20:26 DEBUG AbstractGenericContextLoader:107 - Loading ApplicationContext for merged context configuration [[MergedContextConfiguration@35ddb0af testClass = ArticlesDaoTest, locations = '{classpath:spring-hibernate.xml}', classes = '{}', contextInitializerClasses = '[]', activeProfiles = '{}', contextLoader = 'org.springframework.test.context.support.DelegatingSmartContextLoader', parent = [null]]].
2015-08-03 20:20:26 DEBUG StandardEnvironment:110 - Adding [systemProperties] PropertySource with lowest search precedence
2015-08-03 20:20:26 DEBUG StandardEnvironment:110 - Adding [systemEnvironment] PropertySource with lowest search precedence
2015-08-03 20:20:26 DEBUG StandardEnvironment:126 - Initialized StandardEnvironment with PropertySources [systemProperties,systemEnvironment]
2015-08-03 20:20:26 INFO  XmlBeanDefinitionReader:316 - Loading XML bean definitions from class path resource [spring-hibernate.xml]
2015-08-03 20:20:26 DEBUG DefaultDocumentLoader:73 - Using JAXP provider [com.sun.org.apache.xerces.internal.jaxp.DocumentBuilderFactoryImpl]
2015-08-03 20:20:26 DEBUG PluggableSchemaResolver:141 - Loading schema mappings from [META-INF/spring.schemas]
2015-08-03 20:20:26 DEBUG PluggableSchemaResolver:147 - Loaded schema mappings: {http://www.springframework.org/schema/tx/spring-tx-2.5.xsd=org/springframework/transaction/config/spring-tx-2.5.xsd, http://www.springframework.org/schema/context/spring-context-3.1.xsd=org/springframework/context/config/spring-context-3.1.xsd, http://www.springframework.org/schema/util/spring-util-3.0.xsd=org/springframework/beans/factory/xml/spring-util-3.0.xsd, http://www.springframework.org/schema/tool/spring-tool.xsd=org/springframework/beans/factory/xml/spring-tool-4.0.xsd, http://www.springframework.org/schema/aop/spring-aop-3.2.xsd=org/springframework/aop/config/spring-aop-3.2.xsd, http://www.springframework.org/schema/context/spring-context-4.0.xsd=org/springframework/context/config/spring-context-4.0.xsd, http://www.springframework.org/schema/mvc/spring-mvc-3.2.xsd=org/springframework/web/servlet/config/spring-mvc-3.2.xsd, http://www.springframework.org/schema/lang/spring-lang-3.2.xsd=org/springframework/scripting/config/spring-lang-3.2.xsd, http://www.springframework.org/schema/cache/spring-cache-3.2.xsd=org/springframework/cache/config/spring-cache-3.2.xsd, http://www.springframework.org/schema/jdbc/spring-jdbc-3.1.xsd=org/springframework/jdbc/config/spring-jdbc-3.1.xsd, http://www.springframework.org/schema/util/spring-util-2.0.xsd=org/springframework/beans/factory/xml/spring-util-2.0.xsd, http://www.springframework.org/schema/tool/spring-tool-3.2.xsd=org/springframework/beans/factory/xml/spring-tool-3.2.xsd, http://www.springframework.org/schema/context/spring-context.xsd=org/springframework/context/config/spring-context-4.0.xsd, http://www.springframework.org/schema/aop/spring-aop-4.0.xsd=org/springframework/aop/config/spring-aop-4.0.xsd, http://www.springframework.org/schema/jee/spring-jee-3.2.xsd=org/springframework/ejb/config/spring-jee-3.2.xsd, http://www.springframework.org/schema/context/spring-context-3.0.xsd=org/springframework/context/config/spring-context-3.0.xsd, http://www.springframework.org/schema/jdbc/spring-jdbc-4.0.xsd=org/springframework/jdbc/config/spring-jdbc-4.0.xsd, http://www.springframework.org/schema/util/spring-util-2.5.xsd=org/springframework/beans/factory/xml/spring-util-2.5.xsd, http://www.springframework.org/schema/mvc/spring-mvc-4.0.xsd=org/springframework/web/servlet/config/spring-mvc-4.0.xsd, http://www.springframework.org/schema/beans/spring-beans-3.2.xsd=org/springframework/beans/factory/xml/spring-beans-3.2.xsd, http://www.springframework.org/schema/aop/spring-aop-3.1.xsd=org/springframework/aop/config/spring-aop-3.1.xsd, http://www.springframework.org/schema/lang/spring-lang-4.0.xsd=org/springframework/scripting/config/spring-lang-4.0.xsd, http://www.springframework.org/schema/mvc/spring-mvc.xsd=org/springframework/web/servlet/config/spring-mvc-4.0.xsd, http://www.springframework.org/schema/mvc/spring-mvc-3.1.xsd=org/springframework/web/servlet/config/spring-mvc-3.1.xsd, http://www.springframework.org/schema/tool/spring-tool-4.0.xsd=org/springframework/beans/factory/xml/spring-tool-4.0.xsd, http://www.springframework.org/schema/lang/spring-lang-3.1.xsd=org/springframework/scripting/config/spring-lang-3.1.xsd, http://www.springframework.org/schema/tx/spring-tx-3.2.xsd=org/springframework/transaction/config/spring-tx-3.2.xsd, http://www.springframework.org/schema/cache/spring-cache-3.1.xsd=org/springframework/cache/config/spring-cache-3.1.xsd, http://www.springframework.org/schema/jee/spring-jee-4.0.xsd=org/springframework/ejb/config/spring-jee-4.0.xsd, http://www.springframework.org/schema/jdbc/spring-jdbc-3.0.xsd=org/springframework/jdbc/config/spring-jdbc-3.0.xsd, http://www.springframework.org/schema/jdbc/spring-jdbc.xsd=org/springframework/jdbc/config/spring-jdbc-4.0.xsd, http://www.springframework.org/schema/tool/spring-tool-3.1.xsd=org/springframework/beans/factory/xml/spring-tool-3.1.xsd, http://www.springframework.org/schema/cache/spring-cache-4.0.xsd=org/springframework/cache/config/spring-cache-4.0.xsd, http://www.springframework.org/schema/jee/spring-jee-3.1.xsd=org/springframework/ejb/config/spring-jee-3.1.xsd, http://www.springframework.org/schema/task/spring-task-3.2.xsd=org/springframework/scheduling/config/spring-task-3.2.xsd, http://www.springframework.org/schema/beans/spring-beans-3.1.xsd=org/springframework/beans/factory/xml/spring-beans-3.1.xsd, http://www.springframework.org/schema/util/spring-util.xsd=org/springframework/beans/factory/xml/spring-util-4.0.xsd, http://www.springframework.org/schema/aop/spring-aop-3.0.xsd=org/springframework/aop/config/spring-aop-3.0.xsd, http://www.springframework.org/schema/mvc/spring-mvc-3.0.xsd=org/springframework/web/servlet/config/spring-mvc-3.0.xsd, http://www.springframework.org/schema/beans/spring-beans-4.0.xsd=org/springframework/beans/factory/xml/spring-beans-4.0.xsd, http://www.springframework.org/schema/beans/spring-beans.xsd=org/springframework/beans/factory/xml/spring-beans-4.0.xsd, http://www.springframework.org/schema/lang/spring-lang-3.0.xsd=org/springframework/scripting/config/spring-lang-3.0.xsd, http://www.springframework.org/schema/tx/spring-tx-3.1.xsd=org/springframework/transaction/config/spring-tx-3.1.xsd, http://www.springframework.org/schema/context/spring-context-2.5.xsd=org/springframework/context/config/spring-context-2.5.xsd, http://www.springframework.org/schema/task/spring-task-4.0.xsd=org/springframework/scheduling/config/spring-task-4.0.xsd, http://www.springframework.org/schema/tool/spring-tool-3.0.xsd=org/springframework/beans/factory/xml/spring-tool-3.0.xsd, http://www.springframework.org/schema/tx/spring-tx-4.0.xsd=org/springframework/transaction/config/spring-tx-4.0.xsd, http://www.springframework.org/schema/aop/spring-aop-2.0.xsd=org/springframework/aop/config/spring-aop-2.0.xsd, http://www.springframework.org/schema/jee/spring-jee-3.0.xsd=org/springframework/ejb/config/spring-jee-3.0.xsd, http://www.springframework.org/schema/task/spring-task-3.1.xsd=org/springframework/scheduling/config/spring-task-3.1.xsd, http://www.springframework.org/schema/beans/spring-beans-3.0.xsd=org/springframework/beans/factory/xml/spring-beans-3.0.xsd, http://www.springframework.org/schema/jee/spring-jee.xsd=org/springframework/ejb/config/spring-jee-4.0.xsd, http://www.springframework.org/schema/aop/spring-aop-2.5.xsd=org/springframework/aop/config/spring-aop-2.5.xsd, http://www.springframework.org/schema/lang/spring-lang-2.0.xsd=org/springframework/scripting/config/spring-lang-2.0.xsd, http://www.springframework.org/schema/util/spring-util-3.2.xsd=org/springframework/beans/factory/xml/spring-util-3.2.xsd, http://www.springframework.org/schema/task/spring-task.xsd=org/springframework/scheduling/config/spring-task-4.0.xsd, http://www.springframework.org/schema/tool/spring-tool-2.0.xsd=org/springframework/beans/factory/xml/spring-tool-2.0.xsd, http://www.springframework.org/schema/tx/spring-tx-3.0.xsd=org/springframework/transaction/config/spring-tx-3.0.xsd, http://www.springframework.org/schema/lang/spring-lang-2.5.xsd=org/springframework/scripting/config/spring-lang-2.5.xsd, http://www.springframework.org/schema/jee/spring-jee-2.0.xsd=org/springframework/ejb/config/spring-jee-2.0.xsd, http://www.springframework.org/schema/tool/spring-tool-2.5.xsd=org/springframework/beans/factory/xml/spring-tool-2.5.xsd, http://www.springframework.org/schema/jee/spring-jee-2.5.xsd=org/springframework/ejb/config/spring-jee-2.5.xsd, http://www.springframework.org/schema/util/spring-util-4.0.xsd=org/springframework/beans/factory/xml/spring-util-4.0.xsd, http://www.springframework.org/schema/task/spring-task-3.0.xsd=org/springframework/scheduling/config/spring-task-3.0.xsd, http://www.springframework.org/schema/lang/spring-lang.xsd=org/springframework/scripting/config/spring-lang-4.0.xsd, http://www.springframework.org/schema/context/spring-context-3.2.xsd=org/springframework/context/config/spring-context-3.2.xsd, http://www.springframework.org/schema/util/spring-util-3.1.xsd=org/springframework/beans/factory/xml/spring-util-3.1.xsd, http://www.springframework.org/schema/beans/spring-beans-2.0.xsd=org/springframework/beans/factory/xml/spring-beans-2.0.xsd, http://www.springframework.org/schema/cache/spring-cache.xsd=org/springframework/cache/config/spring-cache-4.0.xsd, http://www.springframework.org/schema/tx/spring-tx.xsd=org/springframework/transaction/config/spring-tx-4.0.xsd, http://www.springframework.org/schema/beans/spring-beans-2.5.xsd=org/springframework/beans/factory/xml/spring-beans-2.5.xsd, http://www.springframework.org/schema/tx/spring-tx-2.0.xsd=org/springframework/transaction/config/spring-tx-2.0.xsd, http://www.springframework.org/schema/jdbc/spring-jdbc-3.2.xsd=org/springframework/jdbc/config/spring-jdbc-3.2.xsd, http://www.springframework.org/schema/aop/spring-aop.xsd=org/springframework/aop/config/spring-aop-4.0.xsd}
2015-08-03 20:20:26 DEBUG PluggableSchemaResolver:119 - Found XML schema [http://www.springframework.org/schema/beans/spring-beans-3.2.xsd] in classpath: org/springframework/beans/factory/xml/spring-beans-3.2.xsd
2015-08-03 20:20:26 DEBUG PluggableSchemaResolver:119 - Found XML schema [http://www.springframework.org/schema/context/spring-context-3.2.xsd] in classpath: org/springframework/context/config/spring-context-3.2.xsd
2015-08-03 20:20:27 DEBUG PluggableSchemaResolver:119 - Found XML schema [http://www.springframework.org/schema/tool/spring-tool-3.2.xsd] in classpath: org/springframework/beans/factory/xml/spring-tool-3.2.xsd
2015-08-03 20:20:27 DEBUG DefaultBeanDefinitionDocumentReader:108 - Loading bean definitions
2015-08-03 20:20:27 DEBUG DefaultNamespaceHandlerResolver:157 - Loaded NamespaceHandler mappings: {http://www.springframework.org/schema/p=org.springframework.beans.factory.xml.SimplePropertyNamespaceHandler, http://www.springframework.org/schema/mvc=org.springframework.web.servlet.config.MvcNamespaceHandler, http://www.springframework.org/schema/util=org.springframework.beans.factory.xml.UtilNamespaceHandler, http://www.springframework.org/schema/jee=org.springframework.ejb.config.JeeNamespaceHandler, http://www.springframework.org/schema/aop=org.springframework.aop.config.AopNamespaceHandler, http://www.springframework.org/schema/jdbc=org.springframework.jdbc.config.JdbcNamespaceHandler, http://www.springframework.org/schema/cache=org.springframework.cache.config.CacheNamespaceHandler, http://www.springframework.org/schema/c=org.springframework.beans.factory.xml.SimpleConstructorNamespaceHandler, http://www.springframework.org/schema/tx=org.springframework.transaction.config.TxNamespaceHandler, http://www.springframework.org/schema/task=org.springframework.scheduling.config.TaskNamespaceHandler, http://www.springframework.org/schema/lang=org.springframework.scripting.config.LangNamespaceHandler, http://www.springframework.org/schema/context=org.springframework.context.config.ContextNamespaceHandler}
2015-08-03 20:20:27 DEBUG XmlBeanDefinitionReader:223 - Loaded 4 bean definitions from location pattern [classpath:spring-hibernate.xml]
2015-08-03 20:20:27 INFO  GenericApplicationContext:513 - Refreshing org.springframework.context.support.GenericApplicationContext@7c1dea5: startup date [Mon Aug 03 20:20:27 BST 2015]; root of context hierarchy
2015-08-03 20:20:27 DEBUG GenericApplicationContext:543 - Bean factory for org.springframework.context.support.GenericApplicationContext@7c1dea5: org.springframework.beans.factory.support.DefaultListableBeanFactory@4b7aa8c8: defining beans [org.springframework.context.support.PropertySourcesPlaceholderConfigurer#0,dataSource,sessionFactory,servletProperties,org.springframework.context.annotation.internalConfigurationAnnotationProcessor,org.springframework.context.annotation.internalAutowiredAnnotationProcessor,org.springframework.context.annotation.internalRequiredAnnotationProcessor,org.springframework.context.annotation.internalCommonAnnotationProcessor,org.springframework.context.annotation.internalPersistenceAnnotationProcessor]; root of factory hierarchy
2015-08-03 20:20:27 DEBUG DefaultListableBeanFactory:220 - Creating shared instance of singleton bean 'org.springframework.context.annotation.internalConfigurationAnnotationProcessor'
2015-08-03 20:20:27 DEBUG DefaultListableBeanFactory:449 - Creating instance of bean 'org.springframework.context.annotation.internalConfigurationAnnotationProcessor'
2015-08-03 20:20:27 DEBUG DefaultListableBeanFactory:523 - Eagerly caching bean 'org.springframework.context.annotation.internalConfigurationAnnotationProcessor' to allow for resolving potential circular references
2015-08-03 20:20:27 DEBUG DefaultListableBeanFactory:477 - Finished creating instance of bean 'org.springframework.context.annotation.internalConfigurationAnnotationProcessor'
2015-08-03 20:20:27 DEBUG DefaultListableBeanFactory:220 - Creating shared instance of singleton bean 'org.springframework.context.support.PropertySourcesPlaceholderConfigurer#0'
2015-08-03 20:20:27 DEBUG DefaultListableBeanFactory:449 - Creating instance of bean 'org.springframework.context.support.PropertySourcesPlaceholderConfigurer#0'
2015-08-03 20:20:27 DEBUG DefaultListableBeanFactory:523 - Eagerly caching bean 'org.springframework.context.support.PropertySourcesPlaceholderConfigurer#0' to allow for resolving potential circular references
2015-08-03 20:20:27 DEBUG DefaultListableBeanFactory:477 - Finished creating instance of bean 'org.springframework.context.support.PropertySourcesPlaceholderConfigurer#0'
2015-08-03 20:20:27 DEBUG DefaultListableBeanFactory:220 - Creating shared instance of singleton bean 'servletProperties'
2015-08-03 20:20:27 DEBUG DefaultListableBeanFactory:449 - Creating instance of bean 'servletProperties'
2015-08-03 20:20:27 DEBUG DefaultListableBeanFactory:523 - Eagerly caching bean 'servletProperties' to allow for resolving potential circular references
2015-08-03 20:20:27 DEBUG DefaultListableBeanFactory:477 - Finished creating instance of bean 'servletProperties'
2015-08-03 20:20:27 DEBUG MutablePropertySources:110 - Adding [environmentProperties] PropertySource with lowest search precedence
2015-08-03 20:20:27 INFO  PropertySourcesPlaceholderConfigurer:172 - Loading properties file from class path resource [database.properties]
2015-08-03 20:20:27 DEBUG MutablePropertySources:110 - Adding [localProperties] PropertySource with lowest search precedence
2015-08-03 20:20:27 DEBUG PropertySourcesPropertyResolver:81 - Searching for key 'jdbc.driverClassName' in [environmentProperties]
2015-08-03 20:20:27 DEBUG PropertySourcesPropertyResolver:81 - Searching for key 'jdbc.driverClassName' in [systemProperties]
2015-08-03 20:20:27 DEBUG PropertySourcesPropertyResolver:81 - Searching for key 'jdbc.driverClassName' in [systemEnvironment]
2015-08-03 20:20:27 DEBUG PropertySourcesPropertyResolver:103 - Could not find key 'jdbc.driverClassName' in any property source. Returning [null]
2015-08-03 20:20:27 DEBUG PropertySourcesPropertyResolver:81 - Searching for key 'jdbc.driverClassName' in [localProperties]
2015-08-03 20:20:27 DEBUG PropertySourcesPropertyResolver:90 - Found key 'jdbc.driverClassName' in [localProperties] with type [String] and value 'com.mysql.jdbc.Driver'
2015-08-03 20:20:27 DEBUG PropertySourcesPropertyResolver:81 - Searching for key 'jdbc.url' in [environmentProperties]
2015-08-03 20:20:27 DEBUG PropertySourcesPropertyResolver:81 - Searching for key 'jdbc.url' in [systemProperties]
2015-08-03 20:20:27 DEBUG PropertySourcesPropertyResolver:81 - Searching for key 'jdbc.url' in [systemEnvironment]
2015-08-03 20:20:27 DEBUG PropertySourcesPropertyResolver:103 - Could not find key 'jdbc.url' in any property source. Returning [null]
2015-08-03 20:20:27 DEBUG PropertySourcesPropertyResolver:81 - Searching for key 'jdbc.url' in [localProperties]
2015-08-03 20:20:27 DEBUG PropertySourcesPropertyResolver:90 - Found key 'jdbc.url' in [localProperties] with type [String] and value 'jdbc:mysql://eu-cdbr-west-01.cleardb.com/heroku_3e5881aab503961'
2015-08-03 20:20:27 DEBUG PropertySourcesPropertyResolver:81 - Searching for key 'jdbc.username' in [environmentProperties]
2015-08-03 20:20:27 DEBUG PropertySourcesPropertyResolver:81 - Searching for key 'jdbc.username' in [systemProperties]
2015-08-03 20:20:27 DEBUG PropertySourcesPropertyResolver:81 - Searching for key 'jdbc.username' in [systemEnvironment]
2015-08-03 20:20:27 DEBUG PropertySourcesPropertyResolver:103 - Could not find key 'jdbc.username' in any property source. Returning [null]
2015-08-03 20:20:27 DEBUG PropertySourcesPropertyResolver:81 - Searching for key 'jdbc.username' in [localProperties]
2015-08-03 20:20:27 DEBUG PropertySourcesPropertyResolver:90 - Found key 'jdbc.username' in [localProperties] with type [String] and value 'b4a99879f156ef'
2015-08-03 20:20:27 DEBUG PropertySourcesPropertyResolver:81 - Searching for key 'jdbc.password' in [environmentProperties]
2015-08-03 20:20:27 DEBUG PropertySourcesPropertyResolver:81 - Searching for key 'jdbc.password' in [systemProperties]
2015-08-03 20:20:27 DEBUG PropertySourcesPropertyResolver:81 - Searching for key 'jdbc.password' in [systemEnvironment]
2015-08-03 20:20:27 DEBUG PropertySourcesPropertyResolver:103 - Could not find key 'jdbc.password' in any property source. Returning [null]
2015-08-03 20:20:27 DEBUG PropertySourcesPropertyResolver:81 - Searching for key 'jdbc.password' in [localProperties]
2015-08-03 20:20:27 DEBUG PropertySourcesPropertyResolver:90 - Found key 'jdbc.password' in [localProperties] with type [String] and value 'c6546732'
2015-08-03 20:20:27 DEBUG PropertySourcesPropertyResolver:81 - Searching for key 'hibernate.hbm2ddl.auto' in [environmentProperties]
2015-08-03 20:20:27 DEBUG PropertySourcesPropertyResolver:81 - Searching for key 'hibernate.hbm2ddl.auto' in [systemProperties]
2015-08-03 20:20:27 DEBUG PropertySourcesPropertyResolver:81 - Searching for key 'hibernate.hbm2ddl.auto' in [systemEnvironment]
2015-08-03 20:20:27 DEBUG PropertySourcesPropertyResolver:103 - Could not find key 'hibernate.hbm2ddl.auto' in any property source. Returning [null]
2015-08-03 20:20:27 DEBUG PropertySourcesPropertyResolver:81 - Searching for key 'hibernate.hbm2ddl.auto' in [localProperties]
2015-08-03 20:20:27 DEBUG PropertySourcesPropertyResolver:90 - Found key 'hibernate.hbm2ddl.auto' in [localProperties] with type [String] and value 'update'
2015-08-03 20:20:27 DEBUG PropertySourcesPropertyResolver:81 - Searching for key 'hibernate.show_sql' in [environmentProperties]
2015-08-03 20:20:27 DEBUG PropertySourcesPropertyResolver:81 - Searching for key 'hibernate.show_sql' in [systemProperties]
2015-08-03 20:20:27 DEBUG PropertySourcesPropertyResolver:81 - Searching for key 'hibernate.show_sql' in [systemEnvironment]
2015-08-03 20:20:27 DEBUG PropertySourcesPropertyResolver:103 - Could not find key 'hibernate.show_sql' in any property source. Returning [null]
2015-08-03 20:20:27 DEBUG PropertySourcesPropertyResolver:81 - Searching for key 'hibernate.show_sql' in [localProperties]
2015-08-03 20:20:27 DEBUG PropertySourcesPropertyResolver:90 - Found key 'hibernate.show_sql' in [localProperties] with type [String] and value 'true'
2015-08-03 20:20:27 DEBUG PropertySourcesPropertyResolver:81 - Searching for key 'hibernate.dialect' in [environmentProperties]
2015-08-03 20:20:27 DEBUG PropertySourcesPropertyResolver:81 - Searching for key 'hibernate.dialect' in [systemProperties]
2015-08-03 20:20:27 DEBUG PropertySourcesPropertyResolver:81 - Searching for key 'hibernate.dialect' in [systemEnvironment]
2015-08-03 20:20:27 DEBUG PropertySourcesPropertyResolver:103 - Could not find key 'hibernate.dialect' in any property source. Returning [null]
2015-08-03 20:20:27 DEBUG PropertySourcesPropertyResolver:81 - Searching for key 'hibernate.dialect' in [localProperties]
2015-08-03 20:20:27 DEBUG PropertySourcesPropertyResolver:90 - Found key 'hibernate.dialect' in [localProperties] with type [String] and value 'org.hibernate.dialect.MySQL5Dialect'
2015-08-03 20:20:27 DEBUG MutablePropertySources:110 - Adding [environmentProperties] PropertySource with lowest search precedence
2015-08-03 20:20:27 INFO  PropertySourcesPlaceholderConfigurer:172 - Loading properties file from class path resource [database.properties]
2015-08-03 20:20:27 DEBUG MutablePropertySources:110 - Adding [localProperties] PropertySource with lowest search precedence
2015-08-03 20:20:27 DEBUG DefaultListableBeanFactory:220 - Creating shared instance of singleton bean 'org.springframework.context.annotation.internalAutowiredAnnotationProcessor'
2015-08-03 20:20:27 DEBUG DefaultListableBeanFactory:449 - Creating instance of bean 'org.springframework.context.annotation.internalAutowiredAnnotationProcessor'
2015-08-03 20:20:27 DEBUG DefaultListableBeanFactory:523 - Eagerly caching bean 'org.springframework.context.annotation.internalAutowiredAnnotationProcessor' to allow for resolving potential circular references
2015-08-03 20:20:27 DEBUG DefaultListableBeanFactory:477 - Finished creating instance of bean 'org.springframework.context.annotation.internalAutowiredAnnotationProcessor'
2015-08-03 20:20:27 DEBUG DefaultListableBeanFactory:220 - Creating shared instance of singleton bean 'org.springframework.context.annotation.internalRequiredAnnotationProcessor'
2015-08-03 20:20:27 DEBUG DefaultListableBeanFactory:449 - Creating instance of bean 'org.springframework.context.annotation.internalRequiredAnnotationProcessor'
2015-08-03 20:20:27 DEBUG DefaultListableBeanFactory:523 - Eagerly caching bean 'org.springframework.context.annotation.internalRequiredAnnotationProcessor' to allow for resolving potential circular references
2015-08-03 20:20:27 DEBUG DefaultListableBeanFactory:477 - Finished creating instance of bean 'org.springframework.context.annotation.internalRequiredAnnotationProcessor'
2015-08-03 20:20:27 DEBUG DefaultListableBeanFactory:220 - Creating shared instance of singleton bean 'org.springframework.context.annotation.internalCommonAnnotationProcessor'
2015-08-03 20:20:27 DEBUG DefaultListableBeanFactory:449 - Creating instance of bean 'org.springframework.context.annotation.internalCommonAnnotationProcessor'
2015-08-03 20:20:27 DEBUG DefaultListableBeanFactory:523 - Eagerly caching bean 'org.springframework.context.annotation.internalCommonAnnotationProcessor' to allow for resolving potential circular references
2015-08-03 20:20:27 DEBUG DefaultListableBeanFactory:477 - Finished creating instance of bean 'org.springframework.context.annotation.internalCommonAnnotationProcessor'
2015-08-03 20:20:27 DEBUG DefaultListableBeanFactory:220 - Creating shared instance of singleton bean 'org.springframework.context.annotation.internalPersistenceAnnotationProcessor'
2015-08-03 20:20:27 DEBUG DefaultListableBeanFactory:449 - Creating instance of bean 'org.springframework.context.annotation.internalPersistenceAnnotationProcessor'
2015-08-03 20:20:27 DEBUG DefaultListableBeanFactory:523 - Eagerly caching bean 'org.springframework.context.annotation.internalPersistenceAnnotationProcessor' to allow for resolving potential circular references
2015-08-03 20:20:27 DEBUG DefaultListableBeanFactory:477 - Finished creating instance of bean 'org.springframework.context.annotation.internalPersistenceAnnotationProcessor'
2015-08-03 20:20:27 DEBUG DefaultListableBeanFactory:220 - Creating shared instance of singleton bean 'org.springframework.context.annotation.ConfigurationClassPostProcessor.importAwareProcessor'
2015-08-03 20:20:27 DEBUG DefaultListableBeanFactory:449 - Creating instance of bean 'org.springframework.context.annotation.ConfigurationClassPostProcessor.importAwareProcessor'
2015-08-03 20:20:27 DEBUG DefaultListableBeanFactory:523 - Eagerly caching bean 'org.springframework.context.annotation.ConfigurationClassPostProcessor.importAwareProcessor' to allow for resolving potential circular references
2015-08-03 20:20:27 DEBUG DefaultListableBeanFactory:477 - Finished creating instance of bean 'org.springframework.context.annotation.ConfigurationClassPostProcessor.importAwareProcessor'
2015-08-03 20:20:27 DEBUG DefaultListableBeanFactory:220 - Creating shared instance of singleton bean 'org.springframework.context.annotation.ConfigurationClassPostProcessor.enhancedConfigurationProcessor'
2015-08-03 20:20:27 DEBUG DefaultListableBeanFactory:449 - Creating instance of bean 'org.springframework.context.annotation.ConfigurationClassPostProcessor.enhancedConfigurationProcessor'
2015-08-03 20:20:27 DEBUG DefaultListableBeanFactory:523 - Eagerly caching bean 'org.springframework.context.annotation.ConfigurationClassPostProcessor.enhancedConfigurationProcessor' to allow for resolving potential circular references
2015-08-03 20:20:27 DEBUG DefaultListableBeanFactory:477 - Finished creating instance of bean 'org.springframework.context.annotation.ConfigurationClassPostProcessor.enhancedConfigurationProcessor'
2015-08-03 20:20:27 DEBUG GenericApplicationContext:649 - Unable to locate MessageSource with name 'messageSource': using default [org.springframework.context.support.DelegatingMessageSource@13f4e70d]
2015-08-03 20:20:27 DEBUG GenericApplicationContext:673 - Unable to locate ApplicationEventMulticaster with name 'applicationEventMulticaster': using default [org.springframework.context.event.SimpleApplicationEventMulticaster@2d71e97]
2015-08-03 20:20:27 DEBUG DefaultListableBeanFactory:672 - Pre-instantiating singletons in org.springframework.beans.factory.support.DefaultListableBeanFactory@4b7aa8c8: defining beans [org.springframework.context.support.PropertySourcesPlaceholderConfigurer#0,dataSource,sessionFactory,servletProperties,org.springframework.context.annotation.internalConfigurationAnnotationProcessor,org.springframework.context.annotation.internalAutowiredAnnotationProcessor,org.springframework.context.annotation.internalRequiredAnnotationProcessor,org.springframework.context.annotation.internalCommonAnnotationProcessor,org.springframework.context.annotation.internalPersistenceAnnotationProcessor,org.springframework.context.annotation.ConfigurationClassPostProcessor.importAwareProcessor,org.springframework.context.annotation.ConfigurationClassPostProcessor.enhancedConfigurationProcessor]; root of factory hierarchy
2015-08-03 20:20:27 DEBUG DefaultListableBeanFactory:247 - Returning cached instance of singleton bean 'org.springframework.context.support.PropertySourcesPlaceholderConfigurer#0'
2015-08-03 20:20:27 DEBUG DefaultListableBeanFactory:220 - Creating shared instance of singleton bean 'dataSource'
2015-08-03 20:20:27 DEBUG DefaultListableBeanFactory:449 - Creating instance of bean 'dataSource'
2015-08-03 20:20:27 DEBUG DefaultListableBeanFactory:523 - Eagerly caching bean 'dataSource' to allow for resolving potential circular references
2015-08-03 20:20:27 INFO  DriverManagerDataSource:133 - Loaded JDBC driver: com.mysql.jdbc.Driver
2015-08-03 20:20:27 DEBUG DefaultListableBeanFactory:477 - Finished creating instance of bean 'dataSource'
2015-08-03 20:20:27 DEBUG DefaultListableBeanFactory:220 - Creating shared instance of singleton bean 'sessionFactory'
2015-08-03 20:20:27 DEBUG DefaultListableBeanFactory:449 - Creating instance of bean 'sessionFactory'
2015-08-03 20:20:27 DEBUG DefaultListableBeanFactory:523 - Eagerly caching bean 'sessionFactory' to allow for resolving potential circular references
2015-08-03 20:20:27 DEBUG DefaultListableBeanFactory:247 - Returning cached instance of singleton bean 'dataSource'
2015-08-03 20:20:27 DEBUG DefaultListableBeanFactory:1595 - Invoking afterPropertiesSet() on bean with name 'sessionFactory'
2015-08-03 20:20:27 DEBUG logging:192 - Logging Provider: org.jboss.logging.Log4jLoggerProvider
2015-08-03 20:20:27 DEBUG BasicTypeRegistry:146 - Adding type registration boolean -> org.hibernate.type.BooleanType@14da6874
2015-08-03 20:20:27 DEBUG BasicTypeRegistry:146 - Adding type registration boolean -> org.hibernate.type.BooleanType@14da6874
2015-08-03 20:20:27 DEBUG BasicTypeRegistry:146 - Adding type registration java.lang.Boolean -> org.hibernate.type.BooleanType@14da6874
2015-08-03 20:20:27 DEBUG BasicTypeRegistry:146 - Adding type registration numeric_boolean -> org.hibernate.type.NumericBooleanType@4e414fa5
2015-08-03 20:20:27 DEBUG BasicTypeRegistry:146 - Adding type registration true_false -> org.hibernate.type.TrueFalseType@2e956751
2015-08-03 20:20:27 DEBUG BasicTypeRegistry:146 - Adding type registration yes_no -> org.hibernate.type.YesNoType@70ccde81
2015-08-03 20:20:27 DEBUG BasicTypeRegistry:146 - Adding type registration byte -> org.hibernate.type.ByteType@4defedd5
2015-08-03 20:20:27 DEBUG BasicTypeRegistry:146 - Adding type registration byte -> org.hibernate.type.ByteType@4defedd5
2015-08-03 20:20:27 DEBUG BasicTypeRegistry:146 - Adding type registration java.lang.Byte -> org.hibernate.type.ByteType@4defedd5
2015-08-03 20:20:27 DEBUG BasicTypeRegistry:146 - Adding type registration character -> org.hibernate.type.CharacterType@328296a4
2015-08-03 20:20:27 DEBUG BasicTypeRegistry:146 - Adding type registration char -> org.hibernate.type.CharacterType@328296a4
2015-08-03 20:20:27 DEBUG BasicTypeRegistry:146 - Adding type registration java.lang.Character -> org.hibernate.type.CharacterType@328296a4
2015-08-03 20:20:27 DEBUG BasicTypeRegistry:146 - Adding type registration short -> org.hibernate.type.ShortType@24c560f1
2015-08-03 20:20:27 DEBUG BasicTypeRegistry:146 - Adding type registration short -> org.hibernate.type.ShortType@24c560f1
2015-08-03 20:20:27 DEBUG BasicTypeRegistry:146 - Adding type registration java.lang.Short -> org.hibernate.type.ShortType@24c560f1
2015-08-03 20:20:27 DEBUG BasicTypeRegistry:146 - Adding type registration integer -> org.hibernate.type.IntegerType@f055eb1
2015-08-03 20:20:27 DEBUG BasicTypeRegistry:146 - Adding type registration int -> org.hibernate.type.IntegerType@f055eb1
2015-08-03 20:20:27 DEBUG BasicTypeRegistry:146 - Adding type registration java.lang.Integer -> org.hibernate.type.IntegerType@f055eb1
2015-08-03 20:20:27 DEBUG BasicTypeRegistry:146 - Adding type registration long -> org.hibernate.type.LongType@7c254464
2015-08-03 20:20:27 DEBUG BasicTypeRegistry:146 - Adding type registration long -> org.hibernate.type.LongType@7c254464
2015-08-03 20:20:27 DEBUG BasicTypeRegistry:146 - Adding type registration java.lang.Long -> org.hibernate.type.LongType@7c254464
2015-08-03 20:20:27 DEBUG BasicTypeRegistry:146 - Adding type registration float -> org.hibernate.type.FloatType@2602ec7d
2015-08-03 20:20:27 DEBUG BasicTypeRegistry:146 - Adding type registration float -> org.hibernate.type.FloatType@2602ec7d
2015-08-03 20:20:27 DEBUG BasicTypeRegistry:146 - Adding type registration java.lang.Float -> org.hibernate.type.FloatType@2602ec7d
2015-08-03 20:20:27 DEBUG BasicTypeRegistry:146 - Adding type registration double -> org.hibernate.type.DoubleType@79eeb142
2015-08-03 20:20:27 DEBUG BasicTypeRegistry:146 - Adding type registration double -> org.hibernate.type.DoubleType@79eeb142
2015-08-03 20:20:27 DEBUG BasicTypeRegistry:146 - Adding type registration java.lang.Double -> org.hibernate.type.DoubleType@79eeb142
2015-08-03 20:20:27 DEBUG BasicTypeRegistry:146 - Adding type registration big_decimal -> org.hibernate.type.BigDecimalType@419146a5
2015-08-03 20:20:27 DEBUG BasicTypeRegistry:146 - Adding type registration java.math.BigDecimal -> org.hibernate.type.BigDecimalType@419146a5
2015-08-03 20:20:27 DEBUG BasicTypeRegistry:146 - Adding type registration big_integer -> org.hibernate.type.BigIntegerType@3745dc5
2015-08-03 20:20:27 DEBUG BasicTypeRegistry:146 - Adding type registration java.math.BigInteger -> org.hibernate.type.BigIntegerType@3745dc5
2015-08-03 20:20:27 DEBUG BasicTypeRegistry:146 - Adding type registration string -> org.hibernate.type.StringType@34cdcafc
2015-08-03 20:20:27 DEBUG BasicTypeRegistry:146 - Adding type registration java.lang.String -> org.hibernate.type.StringType@34cdcafc
2015-08-03 20:20:27 DEBUG BasicTypeRegistry:146 - Adding type registration nstring -> org.hibernate.type.StringNVarcharType@1a3d8b15
2015-08-03 20:20:27 DEBUG BasicTypeRegistry:146 - Adding type registration ncharacter -> org.hibernate.type.CharacterNCharType@4faa005a
2015-08-03 20:20:27 DEBUG BasicTypeRegistry:146 - Adding type registration url -> org.hibernate.type.UrlType@4d95df29
2015-08-03 20:20:27 DEBUG BasicTypeRegistry:146 - Adding type registration java.net.URL -> org.hibernate.type.UrlType@4d95df29
2015-08-03 20:20:27 DEBUG BasicTypeRegistry:146 - Adding type registration date -> org.hibernate.type.DateType@3fec9e59
2015-08-03 20:20:27 DEBUG BasicTypeRegistry:146 - Adding type registration java.sql.Date -> org.hibernate.type.DateType@3fec9e59
2015-08-03 20:20:27 DEBUG BasicTypeRegistry:146 - Adding type registration time -> org.hibernate.type.TimeType@146f2f38
2015-08-03 20:20:27 DEBUG BasicTypeRegistry:146 - Adding type registration java.sql.Time -> org.hibernate.type.TimeType@146f2f38
2015-08-03 20:20:27 DEBUG BasicTypeRegistry:146 - Adding type registration timestamp -> org.hibernate.type.TimestampType@9a68065
2015-08-03 20:20:27 DEBUG BasicTypeRegistry:146 - Adding type registration java.sql.Timestamp -> org.hibernate.type.TimestampType@9a68065
2015-08-03 20:20:27 DEBUG BasicTypeRegistry:146 - Adding type registration java.util.Date -> org.hibernate.type.TimestampType@9a68065
2015-08-03 20:20:27 DEBUG BasicTypeRegistry:146 - Adding type registration dbtimestamp -> org.hibernate.type.DbTimestampType@10b434b
2015-08-03 20:20:27 DEBUG BasicTypeRegistry:146 - Adding type registration calendar -> org.hibernate.type.CalendarType@780aedeb
2015-08-03 20:20:27 DEBUG BasicTypeRegistry:146 - Adding type registration java.util.Calendar -> org.hibernate.type.CalendarType@780aedeb
2015-08-03 20:20:27 DEBUG BasicTypeRegistry:146 - Adding type registration java.util.GregorianCalendar -> org.hibernate.type.CalendarType@780aedeb
2015-08-03 20:20:27 DEBUG BasicTypeRegistry:146 - Adding type registration calendar_date -> org.hibernate.type.CalendarDateType@6127cb39
2015-08-03 20:20:27 DEBUG BasicTypeRegistry:146 - Adding type registration locale -> org.hibernate.type.LocaleType@5b522d7c
2015-08-03 20:20:27 DEBUG BasicTypeRegistry:146 - Adding type registration java.util.Locale -> org.hibernate.type.LocaleType@5b522d7c
2015-08-03 20:20:27 DEBUG BasicTypeRegistry:146 - Adding type registration currency -> org.hibernate.type.CurrencyType@222cf206
2015-08-03 20:20:27 DEBUG BasicTypeRegistry:146 - Adding type registration java.util.Currency -> org.hibernate.type.CurrencyType@222cf206
2015-08-03 20:20:27 DEBUG BasicTypeRegistry:146 - Adding type registration timezone -> org.hibernate.type.TimeZoneType@8a212f9
2015-08-03 20:20:27 DEBUG BasicTypeRegistry:146 - Adding type registration java.util.TimeZone -> org.hibernate.type.TimeZoneType@8a212f9
2015-08-03 20:20:27 DEBUG BasicTypeRegistry:146 - Adding type registration class -> org.hibernate.type.ClassType@17fe6f4a
2015-08-03 20:20:27 DEBUG BasicTypeRegistry:146 - Adding type registration java.lang.Class -> org.hibernate.type.ClassType@17fe6f4a
2015-08-03 20:20:27 DEBUG BasicTypeRegistry:146 - Adding type registration uuid-binary -> org.hibernate.type.UUIDBinaryType@1afa7021
2015-08-03 20:20:27 DEBUG BasicTypeRegistry:146 - Adding type registration java.util.UUID -> org.hibernate.type.UUIDBinaryType@1afa7021
2015-08-03 20:20:27 DEBUG BasicTypeRegistry:146 - Adding type registration uuid-char -> org.hibernate.type.UUIDCharType@256ad2fd
2015-08-03 20:20:27 DEBUG BasicTypeRegistry:146 - Adding type registration pg-uuid -> org.hibernate.type.PostgresUUIDType@41d81f
2015-08-03 20:20:27 DEBUG BasicTypeRegistry:146 - Adding type registration binary -> org.hibernate.type.BinaryType@6e4e0220
2015-08-03 20:20:27 DEBUG BasicTypeRegistry:146 - Adding type registration byte[] -> org.hibernate.type.BinaryType@6e4e0220
2015-08-03 20:20:27 DEBUG BasicTypeRegistry:146 - Adding type registration [B -> org.hibernate.type.BinaryType@6e4e0220
2015-08-03 20:20:27 DEBUG BasicTypeRegistry:146 - Adding type registration wrapper-binary -> org.hibernate.type.WrapperBinaryType@31e033f0
2015-08-03 20:20:27 DEBUG BasicTypeRegistry:146 - Adding type registration Byte[] -> org.hibernate.type.WrapperBinaryType@31e033f0
2015-08-03 20:20:27 DEBUG BasicTypeRegistry:146 - Adding type registration [Ljava.lang.Byte; -> org.hibernate.type.WrapperBinaryType@31e033f0
2015-08-03 20:20:27 DEBUG BasicTypeRegistry:146 - Adding type registration image -> org.hibernate.type.ImageType@35b5f860
2015-08-03 20:20:27 DEBUG BasicTypeRegistry:146 - Adding type registration characters -> org.hibernate.type.CharArrayType@1f27df44
2015-08-03 20:20:27 DEBUG BasicTypeRegistry:146 - Adding type registration char[] -> org.hibernate.type.CharArrayType@1f27df44
2015-08-03 20:20:27 DEBUG BasicTypeRegistry:146 - Adding type registration [C -> org.hibernate.type.CharArrayType@1f27df44
2015-08-03 20:20:27 DEBUG BasicTypeRegistry:146 - Adding type registration wrapper-characters -> org.hibernate.type.CharacterArrayType@7cd07b83
2015-08-03 20:20:27 DEBUG BasicTypeRegistry:146 - Adding type registration [Ljava.lang.Character; -> org.hibernate.type.CharacterArrayType@7cd07b83
2015-08-03 20:20:27 DEBUG BasicTypeRegistry:146 - Adding type registration Character[] -> org.hibernate.type.CharacterArrayType@7cd07b83
2015-08-03 20:20:27 DEBUG BasicTypeRegistry:146 - Adding type registration text -> org.hibernate.type.TextType@4638f48b
2015-08-03 20:20:27 DEBUG BasicTypeRegistry:146 - Adding type registration ntext -> org.hibernate.type.NTextType@aa2a87e
2015-08-03 20:20:27 DEBUG BasicTypeRegistry:146 - Adding type registration blob -> org.hibernate.type.BlobType@4e97264f
2015-08-03 20:20:27 DEBUG BasicTypeRegistry:146 - Adding type registration java.sql.Blob -> org.hibernate.type.BlobType@4e97264f
2015-08-03 20:20:27 DEBUG BasicTypeRegistry:146 - Adding type registration materialized_blob -> org.hibernate.type.MaterializedBlobType@7021c000
2015-08-03 20:20:27 DEBUG BasicTypeRegistry:146 - Adding type registration clob -> org.hibernate.type.ClobType@17805bd5
2015-08-03 20:20:27 DEBUG BasicTypeRegistry:146 - Adding type registration java.sql.Clob -> org.hibernate.type.ClobType@17805bd5
2015-08-03 20:20:27 DEBUG BasicTypeRegistry:146 - Adding type registration nclob -> org.hibernate.type.NClobType@1e8ed192
2015-08-03 20:20:27 DEBUG BasicTypeRegistry:146 - Adding type registration java.sql.NClob -> org.hibernate.type.NClobType@1e8ed192
2015-08-03 20:20:27 DEBUG BasicTypeRegistry:146 - Adding type registration materialized_clob -> org.hibernate.type.MaterializedClobType@118f87f5
2015-08-03 20:20:27 DEBUG BasicTypeRegistry:146 - Adding type registration materialized_nclob -> org.hibernate.type.MaterializedNClobType@28533fc3
2015-08-03 20:20:27 DEBUG BasicTypeRegistry:146 - Adding type registration serializable -> org.hibernate.type.SerializableType@27f8d56c
2015-08-03 20:20:27 DEBUG BasicTypeRegistry:146 - Adding type registration object -> org.hibernate.type.ObjectType@2ceb6e4c
2015-08-03 20:20:27 DEBUG BasicTypeRegistry:146 - Adding type registration java.lang.Object -> org.hibernate.type.ObjectType@2ceb6e4c
2015-08-03 20:20:27 DEBUG BasicTypeRegistry:146 - Adding type registration imm_date -> org.hibernate.type.AdaptedImmutableType@5735cc8e
2015-08-03 20:20:27 DEBUG BasicTypeRegistry:146 - Adding type registration imm_time -> org.hibernate.type.AdaptedImmutableType@d08ab5d
2015-08-03 20:20:27 DEBUG BasicTypeRegistry:146 - Adding type registration imm_timestamp -> org.hibernate.type.AdaptedImmutableType@342a6d5a
2015-08-03 20:20:27 DEBUG BasicTypeRegistry:146 - Adding type registration imm_dbtimestamp -> org.hibernate.type.AdaptedImmutableType@4d714a77
2015-08-03 20:20:27 DEBUG BasicTypeRegistry:146 - Adding type registration imm_calendar -> org.hibernate.type.AdaptedImmutableType@48cff259
2015-08-03 20:20:27 DEBUG BasicTypeRegistry:146 - Adding type registration imm_calendar_date -> org.hibernate.type.AdaptedImmutableType@4c2fd667
2015-08-03 20:20:27 DEBUG BasicTypeRegistry:146 - Adding type registration imm_binary -> org.hibernate.type.AdaptedImmutableType@58a52b44
2015-08-03 20:20:27 DEBUG BasicTypeRegistry:146 - Adding type registration imm_serializable -> org.hibernate.type.AdaptedImmutableType@43bbaad3
2015-08-03 20:20:27 INFO  Version:66 - HCANN000001: Hibernate Commons Annotations {4.0.5.Final}
2015-08-03 20:20:27 INFO  Version:54 - HHH000412: Hibernate Core {4.3.6.Final}
2015-08-03 20:20:27 INFO  Environment:239 - HHH000206: hibernate.properties not found
2015-08-03 20:20:27 INFO  Environment:346 - HHH000021: Bytecode provider name : javassist
2015-08-03 20:20:27 DEBUG DefaultIdentifierGeneratorFactory:93 - Registering IdentifierGenerator strategy [uuid2] -> [org.hibernate.id.UUIDGenerator]
2015-08-03 20:20:27 DEBUG DefaultIdentifierGeneratorFactory:93 - Registering IdentifierGenerator strategy [guid] -> [org.hibernate.id.GUIDGenerator]
2015-08-03 20:20:27 DEBUG DefaultIdentifierGeneratorFactory:93 - Registering IdentifierGenerator strategy [uuid] -> [org.hibernate.id.UUIDHexGenerator]
2015-08-03 20:20:27 DEBUG DefaultIdentifierGeneratorFactory:93 - Registering IdentifierGenerator strategy [uuid.hex] -> [org.hibernate.id.UUIDHexGenerator]
2015-08-03 20:20:27 DEBUG DefaultIdentifierGeneratorFactory:93 - Registering IdentifierGenerator strategy [hilo] -> [org.hibernate.id.TableHiLoGenerator]
2015-08-03 20:20:27 DEBUG DefaultIdentifierGeneratorFactory:93 - Registering IdentifierGenerator strategy [assigned] -> [org.hibernate.id.Assigned]
2015-08-03 20:20:27 DEBUG DefaultIdentifierGeneratorFactory:93 - Registering IdentifierGenerator strategy [identity] -> [org.hibernate.id.IdentityGenerator]
2015-08-03 20:20:27 DEBUG DefaultIdentifierGeneratorFactory:93 - Registering IdentifierGenerator strategy [select] -> [org.hibernate.id.SelectGenerator]
2015-08-03 20:20:27 DEBUG DefaultIdentifierGeneratorFactory:93 - Registering IdentifierGenerator strategy [sequence] -> [org.hibernate.id.SequenceGenerator]
2015-08-03 20:20:27 DEBUG DefaultIdentifierGeneratorFactory:93 - Registering IdentifierGenerator strategy [seqhilo] -> [org.hibernate.id.SequenceHiLoGenerator]
2015-08-03 20:20:27 DEBUG DefaultIdentifierGeneratorFactory:93 - Registering IdentifierGenerator strategy [increment] -> [org.hibernate.id.IncrementGenerator]
2015-08-03 20:20:27 DEBUG DefaultIdentifierGeneratorFactory:93 - Registering IdentifierGenerator strategy [foreign] -> [org.hibernate.id.ForeignGenerator]
2015-08-03 20:20:27 DEBUG DefaultIdentifierGeneratorFactory:93 - Registering IdentifierGenerator strategy [sequence-identity] -> [org.hibernate.id.SequenceIdentityGenerator]
2015-08-03 20:20:27 DEBUG DefaultIdentifierGeneratorFactory:93 - Registering IdentifierGenerator strategy [enhanced-sequence] -> [org.hibernate.id.enhanced.SequenceStyleGenerator]
2015-08-03 20:20:27 DEBUG DefaultIdentifierGeneratorFactory:93 - Registering IdentifierGenerator strategy [enhanced-table] -> [org.hibernate.id.enhanced.TableGenerator]
2015-08-03 20:20:27 DEBUG PathMatchingResourcePatternResolver:556 - Looking for matching resources in directory tree [/Users/david/Documents/dev/workspace/spring3-mvc-maven-xml-hello-world/target/classes/com/blackrock/boris/dto]
2015-08-03 20:20:27 DEBUG PathMatchingResourcePatternResolver:618 - Searching directory [/Users/david/Documents/dev/workspace/spring3-mvc-maven-xml-hello-world/target/classes/com/blackrock/boris/dto] for files matching pattern [/Users/david/Documents/dev/workspace/spring3-mvc-maven-xml-hello-world/target/classes/com/blackrock/boris/dto/**/*.class]
2015-08-03 20:20:27 DEBUG PathMatchingResourcePatternResolver:357 - Resolved location pattern [classpath*:com/blackrock/boris/dto/**/*.class] to resources [file [/Users/david/Documents/dev/workspace/spring3-mvc-maven-xml-hello-world/target/classes/com/blackrock/boris/dto/Article.class], file [/Users/david/Documents/dev/workspace/spring3-mvc-maven-xml-hello-world/target/classes/com/blackrock/boris/dto/Attendance.class], file [/Users/david/Documents/dev/workspace/spring3-mvc-maven-xml-hello-world/target/classes/com/blackrock/boris/dto/Event.class], file [/Users/david/Documents/dev/workspace/spring3-mvc-maven-xml-hello-world/target/classes/com/blackrock/boris/dto/Subscription.class], file [/Users/david/Documents/dev/workspace/spring3-mvc-maven-xml-hello-world/target/classes/com/blackrock/boris/dto/Team.class], file [/Users/david/Documents/dev/workspace/spring3-mvc-maven-xml-hello-world/target/classes/com/blackrock/boris/dto/Technology.class], file [/Users/david/Documents/dev/workspace/spring3-mvc-maven-xml-hello-world/target/classes/com/blackrock/boris/dto/User.class]]
2015-08-03 20:20:27 DEBUG IntegratorServiceImpl:63 - Adding Integrator [org.hibernate.cfg.beanvalidation.BeanValidationIntegrator].
2015-08-03 20:20:27 DEBUG IntegratorServiceImpl:63 - Adding Integrator [org.hibernate.secure.spi.JaccIntegrator].
2015-08-03 20:20:27 DEBUG IntegratorServiceImpl:63 - Adding Integrator [org.hibernate.cache.internal.CollectionCacheInvalidator].
2015-08-03 20:20:27 DEBUG StrategySelectorImpl:79 - Registering named strategy selector [org.hibernate.dialect.Dialect] : [MySQL5] -> [org.hibernate.dialect.MySQL5Dialect] (replacing [org.hibernate.dialect.MySQL5Dialect])
2015-08-03 20:20:27 DEBUG StrategySelectorImpl:79 - Registering named strategy selector [org.hibernate.dialect.Dialect] : [MySQL5InnoDB] -> [org.hibernate.dialect.MySQL5InnoDBDialect] (replacing [org.hibernate.dialect.MySQL5InnoDBDialect])
2015-08-03 20:20:27 DEBUG ServiceBinding:85 - Overriding existing service binding [org.hibernate.secure.spi.JaccService]
2015-08-03 20:20:27 DEBUG Configuration:1841 - Preparing to build session factory with filters : {}
2015-08-03 20:20:27 DEBUG DriverManagerDataSource:142 - Creating new JDBC DriverManager Connection to [jdbc:mysql://eu-cdbr-west-01.cleardb.com/heroku_3e5881aab503961]
2015-08-03 20:20:28 DEBUG JdbcServicesImpl:128 - Database ->
       name : MySQL
    version : 5.5.40-log
      major : 5
      minor : 5
2015-08-03 20:20:28 DEBUG JdbcServicesImpl:139 - Driver ->
       name : MySQL Connector Java
    version : mysql-connector-java-5.1.31 ( Revision: alexander.soklakov@oracle.com-20140520065950-groqzzbvxprqdmnz )
      major : 5
      minor : 1
2015-08-03 20:20:28 DEBUG JdbcServicesImpl:150 - JDBC version : 4.0
2015-08-03 20:20:28 INFO  Dialect:145 - HHH000400: Using dialect: org.hibernate.dialect.MySQL5Dialect
2015-08-03 20:20:28 DEBUG Configuration:3748 - Processing hbm.xml files
2015-08-03 20:20:28 DEBUG Configuration:3778 - Process annotated classes
2015-08-03 20:20:28 DEBUG AnnotationBinder:601 - Binding entity from annotated class: com.blackrock.boris.dto.Article
2015-08-03 20:20:28 DEBUG Ejb3Column:239 - Binding column: Ejb3DiscriminatorColumn{logicalColumnName'DTYPE', discriminatorTypeName='string'}
2015-08-03 20:20:28 DEBUG AnnotationBinder:1185 - No value specified for 'javax.persistence.sharedCache.mode'; using UNSPECIFIED
2015-08-03 20:20:28 DEBUG EntityBinder:397 - Import with entity name Article
2015-08-03 20:20:28 DEBUG EntityBinder:586 - Bind entity com.blackrock.boris.dto.Article on table articles
2015-08-03 20:20:28 DEBUG Ejb3Column:239 - Binding column: Ejb3Column{table=org.hibernate.mapping.Table(articles), mappingColumn=id, insertable=true, updatable=true, unique=false}
2015-08-03 20:20:28 DEBUG PropertyBinder:185 - MetadataSourceProcessor property id with lazy=false
2015-08-03 20:20:28 DEBUG AbstractPropertyHolder:106 - Attempting to locate auto-apply AttributeConverter for property [com.blackrock.boris.dto.Article:id]
2015-08-03 20:20:28 DEBUG SimpleValueBinder:385 - building SimpleValue for id
2015-08-03 20:20:28 DEBUG PropertyBinder:271 - Building property id
2015-08-03 20:20:28 DEBUG Ejb3Column:239 - Binding column: Ejb3Column{table=org.hibernate.mapping.Table(articles), mappingColumn=link, insertable=true, updatable=true, unique=false}
2015-08-03 20:20:28 DEBUG PropertyBinder:185 - MetadataSourceProcessor property link with lazy=false
2015-08-03 20:20:28 DEBUG AbstractPropertyHolder:106 - Attempting to locate auto-apply AttributeConverter for property [com.blackrock.boris.dto.Article:link]
2015-08-03 20:20:28 DEBUG SimpleValueBinder:385 - building SimpleValue for link
2015-08-03 20:20:28 DEBUG PropertyBinder:271 - Building property link
2015-08-03 20:20:28 DEBUG Ejb3Column:239 - Binding column: Ejb3Column{table=org.hibernate.mapping.Table(articles), mappingColumn=source, insertable=true, updatable=true, unique=false}
2015-08-03 20:20:28 DEBUG PropertyBinder:185 - MetadataSourceProcessor property source with lazy=false
2015-08-03 20:20:28 DEBUG AbstractPropertyHolder:106 - Attempting to locate auto-apply AttributeConverter for property [com.blackrock.boris.dto.Article:source]
2015-08-03 20:20:28 DEBUG SimpleValueBinder:385 - building SimpleValue for source
2015-08-03 20:20:28 DEBUG PropertyBinder:271 - Building property source
2015-08-03 20:20:28 DEBUG Ejb3Column:239 - Binding column: Ejb3Column{table=org.hibernate.mapping.Table(articles), mappingColumn=title, insertable=true, updatable=true, unique=false}
2015-08-03 20:20:28 DEBUG PropertyBinder:185 - MetadataSourceProcessor property title with lazy=false
2015-08-03 20:20:28 DEBUG AbstractPropertyHolder:106 - Attempting to locate auto-apply AttributeConverter for property [com.blackrock.boris.dto.Article:title]
2015-08-03 20:20:28 DEBUG SimpleValueBinder:385 - building SimpleValue for title
2015-08-03 20:20:28 DEBUG PropertyBinder:271 - Building property title
2015-08-03 20:20:28 DEBUG SimpleValueBinder:422 - Starting fillSimpleValue for id
2015-08-03 20:20:28 DEBUG SimpleValueBinder:422 - Starting fillSimpleValue for link
2015-08-03 20:20:28 DEBUG SimpleValueBinder:422 - Starting fillSimpleValue for source
2015-08-03 20:20:28 DEBUG SimpleValueBinder:422 - Starting fillSimpleValue for title
2015-08-03 20:20:28 DEBUG Configuration:1482 - Processing fk mappings (*ToOne and JoinedSubclass)
2015-08-03 20:20:28 DEBUG Configuration:1687 - Processing extends queue
2015-08-03 20:20:28 DEBUG Configuration:1745 - Processing extends queue
2015-08-03 20:20:28 DEBUG Configuration:1690 - Processing collection mappings
2015-08-03 20:20:28 DEBUG Configuration:1700 - Processing native query and ResultSetMapping mappings
2015-08-03 20:20:28 DEBUG Configuration:1708 - Processing association property references
2015-08-03 20:20:28 DEBUG Configuration:1730 - Creating tables' unique integer identifiers
2015-08-03 20:20:28 DEBUG Configuration:1731 - Processing foreign key constraints
2015-08-03 20:20:28 DEBUG JtaPlatformInitiator:59 - No JtaPlatform was specified, checking resolver
2015-08-03 20:20:28 DEBUG JtaPlatformResolverInitiator:50 - No JtaPlatformResolver was specified, using default [org.hibernate.engine.transaction.jta.platform.internal.StandardJtaPlatformResolver]
2015-08-03 20:20:28 DEBUG StandardJtaPlatformResolver:118 - Could not resolve JtaPlatform, using default [org.hibernate.engine.transaction.jta.platform.internal.NoJtaPlatform]
2015-08-03 20:20:28 DEBUG SettingsFactory:122 - Automatic flush during beforeCompletion(): disabled
2015-08-03 20:20:28 DEBUG SettingsFactory:128 - Automatic session close at end of transaction: disabled
2015-08-03 20:20:28 DEBUG SettingsFactory:139 - JDBC batch size: 15
2015-08-03 20:20:28 DEBUG SettingsFactory:145 - JDBC batch updates for versioned data: disabled
2015-08-03 20:20:28 DEBUG SettingsFactory:155 - Scrollable result sets: enabled
2015-08-03 20:20:28 DEBUG SettingsFactory:161 - Wrap result sets: disabled
2015-08-03 20:20:28 DEBUG SettingsFactory:167 - JDBC3 getGeneratedKeys(): enabled
2015-08-03 20:20:28 DEBUG SettingsFactory:179 - multi-tenancy strategy : NONE
2015-08-03 20:20:28 DEBUG SettingsFactory:185 - Connection release mode: auto
2015-08-03 20:20:28 INFO  TransactionFactoryInitiator:62 - HHH000399: Using default transaction strategy (direct JDBC transactions)
2015-08-03 20:20:28 DEBUG SettingsFactory:207 - Using BatchFetchStyle : LEGACY
2015-08-03 20:20:28 DEBUG SettingsFactory:226 - Maximum outer join fetch depth: 2
2015-08-03 20:20:28 DEBUG SettingsFactory:232 - Default batch fetch size: 1
2015-08-03 20:20:28 DEBUG SettingsFactory:238 - Generate SQL with comments: disabled
2015-08-03 20:20:28 DEBUG SettingsFactory:244 - Order SQL updates by primary key: disabled
2015-08-03 20:20:28 DEBUG SettingsFactory:250 - Order SQL inserts for batching: disabled
2015-08-03 20:20:28 DEBUG SettingsFactory:258 - Default null ordering: none
2015-08-03 20:20:28 DEBUG SettingsFactory:501 - Query translator: org.hibernate.hql.internal.ast.ASTQueryTranslatorFactory
2015-08-03 20:20:28 INFO  ASTQueryTranslatorFactory:47 - HHH000397: Using ASTQueryTranslatorFactory
2015-08-03 20:20:28 DEBUG SettingsFactory:268 - Query language substitutions: {}
2015-08-03 20:20:28 DEBUG SettingsFactory:274 - JPA-QL strict compliance: disabled
2015-08-03 20:20:28 DEBUG SettingsFactory:282 - Second-level cache: enabled
2015-08-03 20:20:28 DEBUG SettingsFactory:288 - Query cache: disabled
2015-08-03 20:20:28 DEBUG RegionFactoryInitiator:105 - Cache region factory : org.hibernate.cache.internal.NoCachingRegionFactory
2015-08-03 20:20:28 DEBUG SettingsFactory:301 - Optimize cache for minimal puts: disabled
2015-08-03 20:20:28 DEBUG SettingsFactory:316 - Structured second-level cache entries: disabled
2015-08-03 20:20:28 DEBUG SettingsFactory:326 - Second-level cache direct-reference entries: disabled
2015-08-03 20:20:28 DEBUG SettingsFactory:332 - Automatic eviction of collection cache: disabled
2015-08-03 20:20:28 DEBUG SettingsFactory:340 - Statistics: disabled
2015-08-03 20:20:28 DEBUG SettingsFactory:346 - Deleted entity synthetic identifier rollback: disabled
2015-08-03 20:20:28 DEBUG SettingsFactory:373 - Default entity-mode: pojo
2015-08-03 20:20:28 DEBUG SettingsFactory:379 - Named query checking : enabled
2015-08-03 20:20:28 DEBUG SettingsFactory:385 - Check Nullability in Core (should be disabled when Bean Validation is on): enabled
2015-08-03 20:20:28 DEBUG SettingsFactory:403 - Allow initialization of lazy state outside session : : disabled
2015-08-03 20:20:28 DEBUG SettingsFactory:413 - JTA Track by Thread: enabled
2015-08-03 20:20:28 DEBUG SessionFactoryImpl:229 - Building session factory
2015-08-03 20:20:28 DEBUG SessionFactoryImpl:285 - Session factory constructed with filter configurations : {}
2015-08-03 20:20:28 DEBUG SessionFactoryImpl:286 - Instantiating session factory with properties: {java.runtime.name=Java(TM) SE Runtime Environment, sun.boot.library.path=/Library/Java/JavaVirtualMachines/jdk1.7.0_45.jdk/Contents/Home/jre/lib, java.vm.version=24.45-b08, gopherProxySet=false, java.vm.vendor=Oracle Corporation, java.vendor.url=http://java.oracle.com/, path.separator=:, java.vm.name=Java HotSpot(TM) 64-Bit Server VM, file.encoding.pkg=sun.io, idea.launcher.port=7532, user.country=IT, sun.java.launcher=SUN_STANDARD, sun.os.patch.level=unknown, java.vm.specification.name=Java Virtual Machine Specification, user.dir=/Users/david/Documents/dev/workspace/spring3-mvc-maven-xml-hello-world, java.runtime.version=1.7.0_45-b18, java.awt.graphicsenv=sun.awt.CGraphicsEnvironment, hibernate.current_session_context_class=org.springframework.orm.hibernate4.SpringSessionContext, java.endorsed.dirs=/Library/Java/JavaVirtualMachines/jdk1.7.0_45.jdk/Contents/Home/jre/lib/endorsed, os.arch=x86_64, java.io.tmpdir=/var/folders/ss/7bx8pg717w7g17qywdc0xd_c0000gn/T/, line.separator=
, java.vm.specification.vendor=Oracle Corporation, os.name=Mac OS X, sun.jnu.encoding=UTF-8, java.library.path=/Users/david/Library/Java/Extensions:/Library/Java/Extensions:/Network/Library/Java/Extensions:/System/Library/Java/Extensions:/usr/lib/java:., hibernate.connection.datasource=org.springframework.jdbc.datasource.DriverManagerDataSource@21ef5fa, java.specification.name=Java Platform API Specification, java.class.version=51.0, sun.management.compiler=HotSpot 64-Bit Tiered Compilers, os.version=10.10, http.nonProxyHosts=local|*.local|169.254/16|*.169.254/16, user.home=/Users/david, user.timezone=Europe/London, java.awt.printerjob=sun.lwawt.macosx.CPrinterJob, java.specification.version=1.7, idea.launcher.bin.path=/Applications/IntelliJ IDEA 13 CE.app/Contents/bin, file.encoding=UTF-8, user.name=david, java.class.path=/Applications/IntelliJ IDEA 13 CE.app/Contents/lib/idea_rt.jar:/Applications/IntelliJ IDEA 13 CE.app/Contents/plugins/junit/lib/junit-rt.jar:/Library/Java/JavaVirtualMachines/jdk1.7.0_45.jdk/Contents/Home/lib/ant-javafx.jar:/Library/Java/JavaVirtualMachines/jdk1.7.0_45.jdk/Contents/Home/lib/dt.jar:/Library/Java/JavaVirtualMachines/jdk1.7.0_45.jdk/Contents/Home/lib/javafx-doclet.jar:/Library/Java/JavaVirtualMachines/jdk1.7.0_45.jdk/Contents/Home/lib/javafx-mx.jar:/Library/Java/JavaVirtualMachines/jdk1.7.0_45.jdk/Contents/Home/lib/jconsole.jar:/Library/Java/JavaVirtualMachines/jdk1.7.0_45.jdk/Contents/Home/lib/sa-jdi.jar:/Library/Java/JavaVirtualMachines/jdk1.7.0_45.jdk/Contents/Home/lib/tools.jar:/Library/Java/JavaVirtualMachines/jdk1.7.0_45.jdk/Contents/Home/jre/lib/charsets.jar:/Library/Java/JavaVirtualMachines/jdk1.7.0_45.jdk/Contents/Home/jre/lib/deploy.jar:/Library/Java/JavaVirtualMachines/jdk1.7.0_45.jdk/Contents/Home/jre/lib/htmlconverter.jar:/Library/Java/JavaVirtualMachines/jdk1.7.0_45.jdk/Contents/Home/jre/lib/javaws.jar:/Library/Java/JavaVirtualMachines/jdk1.7.0_45.jdk/Contents/Home/jre/lib/jce.jar:/Library/Java/JavaVirtualMachines/jdk1.7.0_45.jdk/Contents/Home/jre/lib/jfr.jar:/Library/Java/JavaVirtualMachines/jdk1.7.0_45.jdk/Contents/Home/jre/lib/jfxrt.jar:/Library/Java/JavaVirtualMachines/jdk1.7.0_45.jdk/Contents/Home/jre/lib/JObjC.jar:/Library/Java/JavaVirtualMachines/jdk1.7.0_45.jdk/Contents/Home/jre/lib/jsse.jar:/Library/Java/JavaVirtualMachines/jdk1.7.0_45.jdk/Contents/Home/jre/lib/management-agent.jar:/Library/Java/JavaVirtualMachines/jdk1.7.0_45.jdk/Contents/Home/jre/lib/plugin.jar:/Library/Java/JavaVirtualMachines/jdk1.7.0_45.jdk/Contents/Home/jre/lib/resources.jar:/Library/Java/JavaVirtualMachines/jdk1.7.0_45.jdk/Contents/Home/jre/lib/rt.jar:/Library/Java/JavaVirtualMachines/jdk1.7.0_45.jdk/Contents/Home/jre/lib/ext/dnsns.jar:/Library/Java/JavaVirtualMachines/jdk1.7.0_45.jdk/Contents/Home/jre/lib/ext/localedata.jar:/Library/Java/JavaVirtualMachines/jdk1.7.0_45.jdk/Contents/Home/jre/lib/ext/sunec.jar:/Library/Java/JavaVirtualMachines/jdk1.7.0_45.jdk/Contents/Home/jre/lib/ext/sunjce_provider.jar:/Library/Java/JavaVirtualMachines/jdk1.7.0_45.jdk/Contents/Home/jre/lib/ext/sunpkcs11.jar:/Library/Java/JavaVirtualMachines/jdk1.7.0_45.jdk/Contents/Home/jre/lib/ext/zipfs.jar:/Users/david/Documents/dev/workspace/spring3-mvc-maven-xml-hello-world/target/test-classes:/Users/david/Documents/dev/workspace/spring3-mvc-maven-xml-hello-world/target/classes:/Users/david/.m2/repository/mysql/mysql-connector-java/5.1.31/mysql-connector-java-5.1.31.jar:/Users/david/.m2/repository/org/springframework/spring-webmvc/4.0.6.RELEASE/spring-webmvc-4.0.6.RELEASE.jar:/Users/david/.m2/repository/org/springframework/spring-beans/4.0.6.RELEASE/spring-beans-4.0.6.RELEASE.jar:/Users/david/.m2/repository/org/springframework/spring-core/4.0.6.RELEASE/spring-core-4.0.6.RELEASE.jar:/Users/david/.m2/repository/commons-logging/commons-logging/1.1.3/commons-logging-1.1.3.jar:/Users/david/.m2/repository/org/springframework/spring-context/4.0.6.RELEASE/spring-context-4.0.6.RELEASE.jar:/Users/david/.m2/repository/org/springframework/spring-aop/4.0.6.RELEASE/spring-aop-4.0.6.RELEASE.jar:/Users/david/.m2/repository/aopalliance/aopalliance/1.0/aopalliance-1.0.jar:/Users/david/.m2/repository/org/springframework/spring-expression/4.0.6.RELEASE/spring-expression-4.0.6.RELEASE.jar:/Users/david/.m2/repository/org/springframework/spring-web/4.0.6.RELEASE/spring-web-4.0.6.RELEASE.jar:/Users/david/.m2/repository/org/springframework/spring-tx/4.0.6.RELEASE/spring-tx-4.0.6.RELEASE.jar:/Users/david/.m2/repository/org/springframework/spring-orm/4.0.6.RELEASE/spring-orm-4.0.6.RELEASE.jar:/Users/david/.m2/repository/org/springframework/spring-jdbc/4.0.6.RELEASE/spring-jdbc-4.0.6.RELEASE.jar:/Users/david/.m2/repository/org/hibernate/hibernate-core/4.3.6.Final/hibernate-core-4.3.6.Final.jar:/Users/david/.m2/repository/org/jboss/logging/jboss-logging/3.1.3.GA/jboss-logging-3.1.3.GA.jar:/Users/david/.m2/repository/org/jboss/logging/jboss-logging-annotations/1.2.0.Beta1/jboss-logging-annotations-1.2.0.Beta1.jar:/Users/david/.m2/repository/org/jboss/spec/javax/transaction/jboss-transaction-api_1.2_spec/1.0.0.Final/jboss-transaction-api_1.2_spec-1.0.0.Final.jar:/Users/david/.m2/repository/dom4j/dom4j/1.6.1/dom4j-1.6.1.jar:/Users/david/.m2/repository/xml-apis/xml-apis/1.0.b2/xml-apis-1.0.b2.jar:/Users/david/.m2/repository/org/hibernate/common/hibernate-commons-annotations/4.0.5.Final/hibernate-commons-annotations-4.0.5.Final.jar:/Users/david/.m2/repository/org/hibernate/javax/persistence/hibernate-jpa-2.1-api/1.0.0.Final/hibernate-jpa-2.1-api-1.0.0.Final.jar:/Users/david/.m2/repository/org/javassist/javassist/3.18.1-GA/javassist-3.18.1-GA.jar:/Users/david/.m2/repository/antlr/antlr/2.7.7/antlr-2.7.7.jar:/Users/david/.m2/repository/org/jboss/jandex/1.1.0.Final/jandex-1.1.0.Final.jar:/Users/david/.m2/repository/org/springframework/spring-test/4.0.6.RELEASE/spring-test-4.0.6.RELEASE.jar:/Users/david/.m2/repository/junit/junit/4.12/junit-4.12.jar:/Users/david/.m2/repository/org/hamcrest/hamcrest-core/1.3/hamcrest-core-1.3.jar:/Users/david/.m2/repository/log4j/log4j/1.2.16/log4j-1.2.16.jar, hibernate.bytecode.use_reflection_optimizer=false, hibernate.show_sql=true, hibernate.classLoader.application=sun.misc.Launcher$AppClassLoader@4821e115, java.vm.specification.version=1.7, sun.arch.data.model=64, java.home=/Library/Java/JavaVirtualMachines/jdk1.7.0_45.jdk/Contents/Home/jre, sun.java.command=com.intellij.rt.execution.application.AppMain com.intellij.rt.execution.junit.JUnitStarter -ideVersion5 com.blackrock.boris.dao.ArticlesDaoTest, hibernate.dialect=org.hibernate.dialect.MySQL5Dialect, java.specification.vendor=Oracle Corporation, user.language=it, awt.toolkit=sun.lwawt.macosx.LWCToolkit, java.vm.info=mixed mode, java.version=1.7.0_45, java.ext.dirs=/Users/david/Library/Java/Extensions:/Library/Java/JavaVirtualMachines/jdk1.7.0_45.jdk/Contents/Home/jre/lib/ext:/Library/Java/Extensions:/Network/Library/Java/Extensions:/System/Library/Java/Extensions:/usr/lib/java, sun.boot.class.path=/Library/Java/JavaVirtualMachines/jdk1.7.0_45.jdk/Contents/Home/jre/lib/resources.jar:/Library/Java/JavaVirtualMachines/jdk1.7.0_45.jdk/Contents/Home/jre/lib/rt.jar:/Library/Java/JavaVirtualMachines/jdk1.7.0_45.jdk/Contents/Home/jre/lib/sunrsasign.jar:/Library/Java/JavaVirtualMachines/jdk1.7.0_45.jdk/Contents/Home/jre/lib/jsse.jar:/Library/Java/JavaVirtualMachines/jdk1.7.0_45.jdk/Contents/Home/jre/lib/jce.jar:/Library/Java/JavaVirtualMachines/jdk1.7.0_45.jdk/Contents/Home/jre/lib/charsets.jar:/Library/Java/JavaVirtualMachines/jdk1.7.0_45.jdk/Contents/Home/jre/lib/jfr.jar:/Library/Java/JavaVirtualMachines/jdk1.7.0_45.jdk/Contents/Home/jre/lib/JObjC.jar:/Library/Java/JavaVirtualMachines/jdk1.7.0_45.jdk/Contents/Home/jre/classes, java.vendor=Oracle Corporation, file.separator=/, java.vendor.url.bug=http://bugreport.sun.com/bugreport/, hibernate.hbm2ddl.auto=update, sun.cpu.endian=little, sun.io.unicode.encoding=UnicodeBig, socksNonProxyHosts=local|*.local|169.254/16|*.169.254/16, ftp.nonProxyHosts=local|*.local|169.254/16|*.169.254/16, sun.cpu.isalist=}
2015-08-03 20:20:28 DEBUG JaccIntegrator:90 - Skipping JACC integration as it was not enabled
2015-08-03 20:20:28 DEBUG DefaultIdentifierGeneratorFactory:107 - Setting dialect [org.hibernate.dialect.MySQL5Dialect]
2015-08-03 20:20:28 DEBUG AbstractEntityPersister:3676 - Static SQL for entity: com.blackrock.boris.dto.Article
2015-08-03 20:20:28 DEBUG AbstractEntityPersister:3681 -  Version select: select id from articles where id =?
2015-08-03 20:20:28 DEBUG AbstractEntityPersister:3684 -  Snapshot select: select article_.id, article_.link as link2_0_, article_.source as source3_0_, article_.title as title4_0_ from articles article_ where article_.id=?
2015-08-03 20:20:28 DEBUG AbstractEntityPersister:3687 -  Insert 0: insert into articles (link, source, title, id) values (?, ?, ?, ?)
2015-08-03 20:20:28 DEBUG AbstractEntityPersister:3688 -  Update 0: update articles set link=?, source=?, title=? where id=?
2015-08-03 20:20:28 DEBUG AbstractEntityPersister:3689 -  Delete 0: delete from articles where id=?
2015-08-03 20:20:28 DEBUG QuerySpacesImpl:192 - Adding QuerySpace : uid = <gen:0> -> org.hibernate.loader.plan.build.internal.spaces.EntityQuerySpaceImpl@3bbd4b56]
2015-08-03 20:20:28 DEBUG MetamodelGraphWalker:154 - Visiting attribute path : link
2015-08-03 20:20:28 DEBUG MetamodelGraphWalker:154 - Visiting attribute path : source
2015-08-03 20:20:28 DEBUG MetamodelGraphWalker:154 - Visiting attribute path : title
2015-08-03 20:20:28 DEBUG FetchStyleLoadPlanBuildingAssociationVisitationStrategy:94 - Building LoadPlan...
2015-08-03 20:20:28 DEBUG LoadQueryJoinAndFetchProcessor:111 - processing queryspace <gen:0>
2015-08-03 20:20:28 DEBUG LoadPlanTreePrinter:72 - LoadPlan(entity=com.blackrock.boris.dto.Article)
    - Returns
       - EntityReturnImpl(entity=com.blackrock.boris.dto.Article, querySpaceUid=<gen:0>, path=com.blackrock.boris.dto.Article)
    - QuerySpaces
       - EntityQuerySpaceImpl(uid=<gen:0>, entity=com.blackrock.boris.dto.Article)
          - SQL table alias mapping - article0_
          - alias suffix - 0_
          - suffixed key columns - {id1_0_0_}

2015-08-03 20:20:28 DEBUG EntityLoader:146 - Static select for entity com.blackrock.boris.dto.Article [NONE]: select article0_.id as id1_0_0_, article0_.link as link2_0_0_, article0_.source as source3_0_0_, article0_.title as title4_0_0_ from articles article0_ where article0_.id=?
2015-08-03 20:20:28 DEBUG QuerySpacesImpl:192 - Adding QuerySpace : uid = <gen:0> -> org.hibernate.loader.plan.build.internal.spaces.EntityQuerySpaceImpl@7617acb2]
2015-08-03 20:20:28 DEBUG MetamodelGraphWalker:154 - Visiting attribute path : link
2015-08-03 20:20:28 DEBUG MetamodelGraphWalker:154 - Visiting attribute path : source
2015-08-03 20:20:28 DEBUG MetamodelGraphWalker:154 - Visiting attribute path : title
2015-08-03 20:20:28 DEBUG FetchStyleLoadPlanBuildingAssociationVisitationStrategy:94 - Building LoadPlan...
2015-08-03 20:20:28 DEBUG LoadQueryJoinAndFetchProcessor:111 - processing queryspace <gen:0>
2015-08-03 20:20:28 DEBUG LoadPlanTreePrinter:72 - LoadPlan(entity=com.blackrock.boris.dto.Article)
    - Returns
       - EntityReturnImpl(entity=com.blackrock.boris.dto.Article, querySpaceUid=<gen:0>, path=com.blackrock.boris.dto.Article)
    - QuerySpaces
       - EntityQuerySpaceImpl(uid=<gen:0>, entity=com.blackrock.boris.dto.Article)
          - SQL table alias mapping - article0_
          - alias suffix - 0_
          - suffixed key columns - {id1_0_0_}

2015-08-03 20:20:28 DEBUG EntityLoader:146 - Static select for entity com.blackrock.boris.dto.Article [READ]: select article0_.id as id1_0_0_, article0_.link as link2_0_0_, article0_.source as source3_0_0_, article0_.title as title4_0_0_ from articles article0_ where article0_.id=?
2015-08-03 20:20:28 DEBUG QuerySpacesImpl:192 - Adding QuerySpace : uid = <gen:0> -> org.hibernate.loader.plan.build.internal.spaces.EntityQuerySpaceImpl@15be831e]
2015-08-03 20:20:28 DEBUG MetamodelGraphWalker:154 - Visiting attribute path : link
2015-08-03 20:20:28 DEBUG MetamodelGraphWalker:154 - Visiting attribute path : source
2015-08-03 20:20:28 DEBUG MetamodelGraphWalker:154 - Visiting attribute path : title
2015-08-03 20:20:28 DEBUG FetchStyleLoadPlanBuildingAssociationVisitationStrategy:94 - Building LoadPlan...
2015-08-03 20:20:28 DEBUG LoadQueryJoinAndFetchProcessor:111 - processing queryspace <gen:0>
2015-08-03 20:20:28 DEBUG LoadPlanTreePrinter:72 - LoadPlan(entity=com.blackrock.boris.dto.Article)
    - Returns
       - EntityReturnImpl(entity=com.blackrock.boris.dto.Article, querySpaceUid=<gen:0>, path=com.blackrock.boris.dto.Article)
    - QuerySpaces
       - EntityQuerySpaceImpl(uid=<gen:0>, entity=com.blackrock.boris.dto.Article)
          - SQL table alias mapping - article0_
          - alias suffix - 0_
          - suffixed key columns - {id1_0_0_}

2015-08-03 20:20:28 DEBUG EntityLoader:146 - Static select for entity com.blackrock.boris.dto.Article [UPGRADE]: select article0_.id as id1_0_0_, article0_.link as link2_0_0_, article0_.source as source3_0_0_, article0_.title as title4_0_0_ from articles article0_ where article0_.id=? for update
2015-08-03 20:20:28 DEBUG QuerySpacesImpl:192 - Adding QuerySpace : uid = <gen:0> -> org.hibernate.loader.plan.build.internal.spaces.EntityQuerySpaceImpl@1ffe7028]
2015-08-03 20:20:28 DEBUG MetamodelGraphWalker:154 - Visiting attribute path : link
2015-08-03 20:20:28 DEBUG MetamodelGraphWalker:154 - Visiting attribute path : source
2015-08-03 20:20:28 DEBUG MetamodelGraphWalker:154 - Visiting attribute path : title
2015-08-03 20:20:28 DEBUG FetchStyleLoadPlanBuildingAssociationVisitationStrategy:94 - Building LoadPlan...
2015-08-03 20:20:28 DEBUG LoadQueryJoinAndFetchProcessor:111 - processing queryspace <gen:0>
2015-08-03 20:20:28 DEBUG LoadPlanTreePrinter:72 - LoadPlan(entity=com.blackrock.boris.dto.Article)
    - Returns
       - EntityReturnImpl(entity=com.blackrock.boris.dto.Article, querySpaceUid=<gen:0>, path=com.blackrock.boris.dto.Article)
    - QuerySpaces
       - EntityQuerySpaceImpl(uid=<gen:0>, entity=com.blackrock.boris.dto.Article)
          - SQL table alias mapping - article0_
          - alias suffix - 0_
          - suffixed key columns - {id1_0_0_}

2015-08-03 20:20:28 DEBUG EntityLoader:146 - Static select for entity com.blackrock.boris.dto.Article [UPGRADE_NOWAIT]: select article0_.id as id1_0_0_, article0_.link as link2_0_0_, article0_.source as source3_0_0_, article0_.title as title4_0_0_ from articles article0_ where article0_.id=? for update
2015-08-03 20:20:28 DEBUG QuerySpacesImpl:192 - Adding QuerySpace : uid = <gen:0> -> org.hibernate.loader.plan.build.internal.spaces.EntityQuerySpaceImpl@995ffcc]
2015-08-03 20:20:28 DEBUG MetamodelGraphWalker:154 - Visiting attribute path : link
2015-08-03 20:20:28 DEBUG MetamodelGraphWalker:154 - Visiting attribute path : source
2015-08-03 20:20:28 DEBUG MetamodelGraphWalker:154 - Visiting attribute path : title
2015-08-03 20:20:28 DEBUG FetchStyleLoadPlanBuildingAssociationVisitationStrategy:94 - Building LoadPlan...
2015-08-03 20:20:28 DEBUG LoadQueryJoinAndFetchProcessor:111 - processing queryspace <gen:0>
2015-08-03 20:20:28 DEBUG LoadPlanTreePrinter:72 - LoadPlan(entity=com.blackrock.boris.dto.Article)
    - Returns
       - EntityReturnImpl(entity=com.blackrock.boris.dto.Article, querySpaceUid=<gen:0>, path=com.blackrock.boris.dto.Article)
    - QuerySpaces
       - EntityQuerySpaceImpl(uid=<gen:0>, entity=com.blackrock.boris.dto.Article)
          - SQL table alias mapping - article0_
          - alias suffix - 0_
          - suffixed key columns - {id1_0_0_}

2015-08-03 20:20:28 DEBUG EntityLoader:146 - Static select for entity com.blackrock.boris.dto.Article [UPGRADE_SKIPLOCKED]: select article0_.id as id1_0_0_, article0_.link as link2_0_0_, article0_.source as source3_0_0_, article0_.title as title4_0_0_ from articles article0_ where article0_.id=? for update
2015-08-03 20:20:28 DEBUG QuerySpacesImpl:192 - Adding QuerySpace : uid = <gen:0> -> org.hibernate.loader.plan.build.internal.spaces.EntityQuerySpaceImpl@17f4d237]
2015-08-03 20:20:28 DEBUG MetamodelGraphWalker:154 - Visiting attribute path : link
2015-08-03 20:20:28 DEBUG MetamodelGraphWalker:154 - Visiting attribute path : source
2015-08-03 20:20:28 DEBUG MetamodelGraphWalker:154 - Visiting attribute path : title
2015-08-03 20:20:28 DEBUG FetchStyleLoadPlanBuildingAssociationVisitationStrategy:94 - Building LoadPlan...
2015-08-03 20:20:28 DEBUG LoadQueryJoinAndFetchProcessor:111 - processing queryspace <gen:0>
2015-08-03 20:20:28 DEBUG LoadPlanTreePrinter:72 - LoadPlan(entity=com.blackrock.boris.dto.Article)
    - Returns
       - EntityReturnImpl(entity=com.blackrock.boris.dto.Article, querySpaceUid=<gen:0>, path=com.blackrock.boris.dto.Article)
    - QuerySpaces
       - EntityQuerySpaceImpl(uid=<gen:0>, entity=com.blackrock.boris.dto.Article)
          - SQL table alias mapping - article0_
          - alias suffix - 0_
          - suffixed key columns - {id1_0_0_}

2015-08-03 20:20:28 DEBUG EntityLoader:146 - Static select for entity com.blackrock.boris.dto.Article [FORCE]: select article0_.id as id1_0_0_, article0_.link as link2_0_0_, article0_.source as source3_0_0_, article0_.title as title4_0_0_ from articles article0_ where article0_.id=? for update
2015-08-03 20:20:28 DEBUG QuerySpacesImpl:192 - Adding QuerySpace : uid = <gen:0> -> org.hibernate.loader.plan.build.internal.spaces.EntityQuerySpaceImpl@323b0e65]
2015-08-03 20:20:28 DEBUG MetamodelGraphWalker:154 - Visiting attribute path : link
2015-08-03 20:20:28 DEBUG MetamodelGraphWalker:154 - Visiting attribute path : source
2015-08-03 20:20:28 DEBUG MetamodelGraphWalker:154 - Visiting attribute path : title
2015-08-03 20:20:28 DEBUG FetchStyleLoadPlanBuildingAssociationVisitationStrategy:94 - Building LoadPlan...
2015-08-03 20:20:28 DEBUG LoadQueryJoinAndFetchProcessor:111 - processing queryspace <gen:0>
2015-08-03 20:20:28 DEBUG LoadPlanTreePrinter:72 - LoadPlan(entity=com.blackrock.boris.dto.Article)
    - Returns
       - EntityReturnImpl(entity=com.blackrock.boris.dto.Article, querySpaceUid=<gen:0>, path=com.blackrock.boris.dto.Article)
    - QuerySpaces
       - EntityQuerySpaceImpl(uid=<gen:0>, entity=com.blackrock.boris.dto.Article)
          - SQL table alias mapping - article0_
          - alias suffix - 0_
          - suffixed key columns - {id1_0_0_}

2015-08-03 20:20:28 DEBUG EntityLoader:146 - Static select for entity com.blackrock.boris.dto.Article [PESSIMISTIC_READ]: select article0_.id as id1_0_0_, article0_.link as link2_0_0_, article0_.source as source3_0_0_, article0_.title as title4_0_0_ from articles article0_ where article0_.id=? lock in share mode
2015-08-03 20:20:28 DEBUG QuerySpacesImpl:192 - Adding QuerySpace : uid = <gen:0> -> org.hibernate.loader.plan.build.internal.spaces.EntityQuerySpaceImpl@9e4e2bf]
2015-08-03 20:20:28 DEBUG MetamodelGraphWalker:154 - Visiting attribute path : link
2015-08-03 20:20:28 DEBUG MetamodelGraphWalker:154 - Visiting attribute path : source
2015-08-03 20:20:28 DEBUG MetamodelGraphWalker:154 - Visiting attribute path : title
2015-08-03 20:20:28 DEBUG FetchStyleLoadPlanBuildingAssociationVisitationStrategy:94 - Building LoadPlan...
2015-08-03 20:20:28 DEBUG LoadQueryJoinAndFetchProcessor:111 - processing queryspace <gen:0>
2015-08-03 20:20:28 DEBUG LoadPlanTreePrinter:72 - LoadPlan(entity=com.blackrock.boris.dto.Article)
    - Returns
       - EntityReturnImpl(entity=com.blackrock.boris.dto.Article, querySpaceUid=<gen:0>, path=com.blackrock.boris.dto.Article)
    - QuerySpaces
       - EntityQuerySpaceImpl(uid=<gen:0>, entity=com.blackrock.boris.dto.Article)
          - SQL table alias mapping - article0_
          - alias suffix - 0_
          - suffixed key columns - {id1_0_0_}

2015-08-03 20:20:28 DEBUG EntityLoader:146 - Static select for entity com.blackrock.boris.dto.Article [PESSIMISTIC_WRITE]: select article0_.id as id1_0_0_, article0_.link as link2_0_0_, article0_.source as source3_0_0_, article0_.title as title4_0_0_ from articles article0_ where article0_.id=? for update
2015-08-03 20:20:28 DEBUG QuerySpacesImpl:192 - Adding QuerySpace : uid = <gen:0> -> org.hibernate.loader.plan.build.internal.spaces.EntityQuerySpaceImpl@28cfe760]
2015-08-03 20:20:28 DEBUG MetamodelGraphWalker:154 - Visiting attribute path : link
2015-08-03 20:20:28 DEBUG MetamodelGraphWalker:154 - Visiting attribute path : source
2015-08-03 20:20:28 DEBUG MetamodelGraphWalker:154 - Visiting attribute path : title
2015-08-03 20:20:28 DEBUG FetchStyleLoadPlanBuildingAssociationVisitationStrategy:94 - Building LoadPlan...
2015-08-03 20:20:28 DEBUG LoadQueryJoinAndFetchProcessor:111 - processing queryspace <gen:0>
2015-08-03 20:20:28 DEBUG LoadPlanTreePrinter:72 - LoadPlan(entity=com.blackrock.boris.dto.Article)
    - Returns
       - EntityReturnImpl(entity=com.blackrock.boris.dto.Article, querySpaceUid=<gen:0>, path=com.blackrock.boris.dto.Article)
    - QuerySpaces
       - EntityQuerySpaceImpl(uid=<gen:0>, entity=com.blackrock.boris.dto.Article)
          - SQL table alias mapping - article0_
          - alias suffix - 0_
          - suffixed key columns - {id1_0_0_}

2015-08-03 20:20:28 DEBUG EntityLoader:146 - Static select for entity com.blackrock.boris.dto.Article [PESSIMISTIC_FORCE_INCREMENT]: select article0_.id as id1_0_0_, article0_.link as link2_0_0_, article0_.source as source3_0_0_, article0_.title as title4_0_0_ from articles article0_ where article0_.id=? for update
2015-08-03 20:20:28 DEBUG QuerySpacesImpl:192 - Adding QuerySpace : uid = <gen:0> -> org.hibernate.loader.plan.build.internal.spaces.EntityQuerySpaceImpl@75c2dcad]
2015-08-03 20:20:28 DEBUG MetamodelGraphWalker:154 - Visiting attribute path : link
2015-08-03 20:20:28 DEBUG MetamodelGraphWalker:154 - Visiting attribute path : source
2015-08-03 20:20:28 DEBUG MetamodelGraphWalker:154 - Visiting attribute path : title
2015-08-03 20:20:28 DEBUG FetchStyleLoadPlanBuildingAssociationVisitationStrategy:94 - Building LoadPlan...
2015-08-03 20:20:28 DEBUG LoadQueryJoinAndFetchProcessor:111 - processing queryspace <gen:0>
2015-08-03 20:20:28 DEBUG LoadPlanTreePrinter:72 - LoadPlan(entity=com.blackrock.boris.dto.Article)
    - Returns
       - EntityReturnImpl(entity=com.blackrock.boris.dto.Article, querySpaceUid=<gen:0>, path=com.blackrock.boris.dto.Article)
    - QuerySpaces
       - EntityQuerySpaceImpl(uid=<gen:0>, entity=com.blackrock.boris.dto.Article)
          - SQL table alias mapping - article0_
          - alias suffix - 0_
          - suffixed key columns - {id1_0_0_}

2015-08-03 20:20:28 DEBUG EntityLoader:146 - Static select for entity com.blackrock.boris.dto.Article [OPTIMISTIC]: select article0_.id as id1_0_0_, article0_.link as link2_0_0_, article0_.source as source3_0_0_, article0_.title as title4_0_0_ from articles article0_ where article0_.id=?
2015-08-03 20:20:28 DEBUG QuerySpacesImpl:192 - Adding QuerySpace : uid = <gen:0> -> org.hibernate.loader.plan.build.internal.spaces.EntityQuerySpaceImpl@5a8c6475]
2015-08-03 20:20:28 DEBUG MetamodelGraphWalker:154 - Visiting attribute path : link
2015-08-03 20:20:28 DEBUG MetamodelGraphWalker:154 - Visiting attribute path : source
2015-08-03 20:20:28 DEBUG MetamodelGraphWalker:154 - Visiting attribute path : title
2015-08-03 20:20:28 DEBUG FetchStyleLoadPlanBuildingAssociationVisitationStrategy:94 - Building LoadPlan...
2015-08-03 20:20:28 DEBUG LoadQueryJoinAndFetchProcessor:111 - processing queryspace <gen:0>
2015-08-03 20:20:28 DEBUG LoadPlanTreePrinter:72 - LoadPlan(entity=com.blackrock.boris.dto.Article)
    - Returns
       - EntityReturnImpl(entity=com.blackrock.boris.dto.Article, querySpaceUid=<gen:0>, path=com.blackrock.boris.dto.Article)
    - QuerySpaces
       - EntityQuerySpaceImpl(uid=<gen:0>, entity=com.blackrock.boris.dto.Article)
          - SQL table alias mapping - article0_
          - alias suffix - 0_
          - suffixed key columns - {id1_0_0_}

2015-08-03 20:20:28 DEBUG EntityLoader:146 - Static select for entity com.blackrock.boris.dto.Article [OPTIMISTIC_FORCE_INCREMENT]: select article0_.id as id1_0_0_, article0_.link as link2_0_0_, article0_.source as source3_0_0_, article0_.title as title4_0_0_ from articles article0_ where article0_.id=?
2015-08-03 20:20:28 DEBUG Loader:56 - Static select for action ACTION_MERGE on entity com.blackrock.boris.dto.Article: select article0_.id as id1_0_0_, article0_.link as link2_0_0_, article0_.source as source3_0_0_, article0_.title as title4_0_0_ from articles article0_ where article0_.id=?
2015-08-03 20:20:28 DEBUG Loader:56 - Static select for action ACTION_REFRESH on entity com.blackrock.boris.dto.Article: select article0_.id as id1_0_0_, article0_.link as link2_0_0_, article0_.source as source3_0_0_, article0_.title as title4_0_0_ from articles article0_ where article0_.id=?
2015-08-03 20:20:28 DEBUG SessionFactoryRegistry:67 - Initializing SessionFactoryRegistry : org.hibernate.internal.SessionFactoryRegistry@26f4a444
2015-08-03 20:20:28 DEBUG SessionFactoryRegistry:89 - Registering SessionFactory: c25d09fb-50a9-4a6b-96f2-767048f5806d (<unnamed>)
2015-08-03 20:20:28 DEBUG SessionFactoryRegistry:96 - Not binding SessionFactory to JNDI, no JNDI name configured
2015-08-03 20:20:28 DEBUG SessionFactoryImpl:505 - Instantiated session factory
2015-08-03 20:20:28 INFO  SchemaUpdate:182 - HHH000228: Running hbm2ddl schema update
2015-08-03 20:20:28 INFO  SchemaUpdate:193 - HHH000102: Fetching database metadata
2015-08-03 20:20:28 DEBUG DriverManagerDataSource:142 - Creating new JDBC DriverManager Connection to [jdbc:mysql://eu-cdbr-west-01.cleardb.com/heroku_3e5881aab503961]
2015-08-03 20:20:28 INFO  SchemaUpdate:205 - HHH000396: Updating schema
2015-08-03 20:20:28 DEBUG Configuration:3748 - Processing hbm.xml files
2015-08-03 20:20:28 DEBUG Configuration:3778 - Process annotated classes
2015-08-03 20:20:28 DEBUG Configuration:1482 - Processing fk mappings (*ToOne and JoinedSubclass)
2015-08-03 20:20:28 DEBUG Configuration:1687 - Processing extends queue
2015-08-03 20:20:28 DEBUG Configuration:1745 - Processing extends queue
2015-08-03 20:20:28 DEBUG Configuration:1690 - Processing collection mappings
2015-08-03 20:20:28 DEBUG Configuration:1700 - Processing native query and ResultSetMapping mappings
2015-08-03 20:20:28 DEBUG Configuration:1708 - Processing association property references
2015-08-03 20:20:28 DEBUG Configuration:1730 - Creating tables' unique integer identifiers
2015-08-03 20:20:28 DEBUG Configuration:1731 - Processing foreign key constraints
2015-08-03 20:20:29 INFO  TableMetadata:66 - HHH000261: Table found: heroku_3e5881aab503961.articles
2015-08-03 20:20:29 INFO  TableMetadata:67 - HHH000037: Columns: [id, title, source, link]
2015-08-03 20:20:29 INFO  TableMetadata:69 - HHH000108: Foreign keys: []
2015-08-03 20:20:29 INFO  TableMetadata:70 - HHH000126: Indexes: [primary]
2015-08-03 20:20:29 DEBUG DefaultIdentifierGeneratorFactory:107 - Setting dialect [org.hibernate.dialect.MySQL5Dialect]
2015-08-03 20:20:29 INFO  SchemaUpdate:242 - HHH000232: Schema update complete
2015-08-03 20:20:29 DEBUG NamedQueryRepository:155 - Checking 0 named HQL queries
2015-08-03 20:20:29 DEBUG NamedQueryRepository:171 - Checking 0 named SQL queries
2015-08-03 20:20:29 DEBUG StatisticsInitiator:110 - Statistics initialized [enabled=false]
2015-08-03 20:20:29 DEBUG DefaultListableBeanFactory:477 - Finished creating instance of bean 'sessionFactory'
2015-08-03 20:20:29 DEBUG DefaultListableBeanFactory:247 - Returning cached instance of singleton bean 'servletProperties'
2015-08-03 20:20:29 DEBUG DefaultListableBeanFactory:247 - Returning cached instance of singleton bean 'org.springframework.context.annotation.internalConfigurationAnnotationProcessor'
2015-08-03 20:20:29 DEBUG DefaultListableBeanFactory:247 - Returning cached instance of singleton bean 'org.springframework.context.annotation.internalAutowiredAnnotationProcessor'
2015-08-03 20:20:29 DEBUG DefaultListableBeanFactory:247 - Returning cached instance of singleton bean 'org.springframework.context.annotation.internalRequiredAnnotationProcessor'
2015-08-03 20:20:29 DEBUG DefaultListableBeanFactory:247 - Returning cached instance of singleton bean 'org.springframework.context.annotation.internalCommonAnnotationProcessor'
2015-08-03 20:20:29 DEBUG DefaultListableBeanFactory:247 - Returning cached instance of singleton bean 'org.springframework.context.annotation.internalPersistenceAnnotationProcessor'
2015-08-03 20:20:29 DEBUG DefaultListableBeanFactory:247 - Returning cached instance of singleton bean 'org.springframework.context.annotation.ConfigurationClassPostProcessor.importAwareProcessor'
2015-08-03 20:20:29 DEBUG DefaultListableBeanFactory:247 - Returning cached instance of singleton bean 'org.springframework.context.annotation.ConfigurationClassPostProcessor.enhancedConfigurationProcessor'
2015-08-03 20:20:29 DEBUG GenericApplicationContext:700 - Unable to locate LifecycleProcessor with name 'lifecycleProcessor': using default [org.springframework.context.support.DefaultLifecycleProcessor@1c7d030d]
2015-08-03 20:20:29 DEBUG DefaultListableBeanFactory:247 - Returning cached instance of singleton bean 'lifecycleProcessor'
2015-08-03 20:20:29 DEBUG PropertySourcesPropertyResolver:81 - Searching for key 'spring.liveBeansView.mbeanDomain' in [systemProperties]
2015-08-03 20:20:29 DEBUG PropertySourcesPropertyResolver:81 - Searching for key 'spring.liveBeansView.mbeanDomain' in [systemEnvironment]
2015-08-03 20:20:29 DEBUG PropertySourcesPropertyResolver:103 - Could not find key 'spring.liveBeansView.mbeanDomain' in any property source. Returning [null]
2015-08-03 20:20:29 DEBUG CacheAwareContextLoaderDelegate:93 - Storing ApplicationContext in cache under key [[MergedContextConfiguration@35ddb0af testClass = ArticlesDaoTest, locations = '{classpath:spring-hibernate.xml}', classes = '{}', contextInitializerClasses = '[]', activeProfiles = '{}', contextLoader = 'org.springframework.test.context.support.DelegatingSmartContextLoader', parent = [null]]].
2015-08-03 20:20:29 DEBUG InjectionMetadata:85 - Processing injected method of bean 'com.blackrock.boris.dao.ArticlesDaoTest': AutowiredFieldElement for org.hibernate.SessionFactory com.blackrock.boris.dao.ArticlesDaoTest.sessionFactory
2015-08-03 20:20:29 DEBUG DefaultListableBeanFactory:247 - Returning cached instance of singleton bean 'sessionFactory'
2015-08-03 20:20:29 DEBUG AutowiredAnnotationBeanPostProcessor:427 - Autowiring by type from bean name 'com.blackrock.boris.dao.ArticlesDaoTest' to bean named 'sessionFactory'
2015-08-03 20:20:29 DEBUG AbstractTransactionImpl:160 - begin
2015-08-03 20:20:29 DEBUG LogicalConnectionImpl:226 - Obtaining JDBC connection
2015-08-03 20:20:29 DEBUG DriverManagerDataSource:142 - Creating new JDBC DriverManager Connection to [jdbc:mysql://eu-cdbr-west-01.cleardb.com/heroku_3e5881aab503961]
2015-08-03 20:20:29 DEBUG LogicalConnectionImpl:232 - Obtained JDBC connection
2015-08-03 20:20:29 DEBUG JdbcTransaction:69 - initial autocommit status: true
2015-08-03 20:20:29 DEBUG JdbcTransaction:71 - disabling autocommit
2015-08-03 20:20:29 DEBUG AbstractSaveEventListener:130 - Generated identifier: 123456, using strategy: org.hibernate.id.Assigned
2015-08-03 20:20:29 DEBUG AbstractTransactionImpl:175 - committing
2015-08-03 20:20:29 DEBUG AbstractFlushingEventListener:149 - Processing flush-time cascades
2015-08-03 20:20:29 DEBUG AbstractFlushingEventListener:189 - Dirty checking collections
2015-08-03 20:20:29 DEBUG AbstractFlushingEventListener:123 - Flushed: 1 insertions, 0 updates, 0 deletions to 1 objects
2015-08-03 20:20:29 DEBUG AbstractFlushingEventListener:130 - Flushed: 0 (re)creations, 0 updates, 0 removals to 0 collections
2015-08-03 20:20:29 DEBUG EntityPrinter:114 - Listing entities:
2015-08-03 20:20:29 DEBUG EntityPrinter:121 - com.blackrock.boris.dto.Article{id=123456, title=ciao, source=null, link=null}
2015-08-03 20:20:29 DEBUG SQL:109 - insert into articles (link, source, title, id) values (?, ?, ?, ?)
2015-08-03 20:20:29 DEBUG JdbcTransaction:113 - committed JDBC Connection
2015-08-03 20:20:29 DEBUG JdbcTransaction:126 - re-enabling autocommit
2015-08-03 20:20:29 DEBUG DirtiesContextTestExecutionListener:94 - After test method: context [DefaultTestContext@20ba650b testClass = ArticlesDaoTest, testInstance = com.blackrock.boris.dao.ArticlesDaoTest@2d3fc5f6, testMethod = test@ArticlesDaoTest, testException = [null], mergedContextConfiguration = [MergedContextConfiguration@35ddb0af testClass = ArticlesDaoTest, locations = '{classpath:spring-hibernate.xml}', classes = '{}', contextInitializerClasses = '[]', activeProfiles = '{}', contextLoader = 'org.springframework.test.context.support.DelegatingSmartContextLoader', parent = [null]]], class dirties context [false], class mode [null], method dirties context [false].
2015-08-03 20:20:29 DEBUG DirtiesContextTestExecutionListener:126 - After test class: context [DefaultTestContext@20ba650b testClass = ArticlesDaoTest, testInstance = [null], testMethod = [null], testException = [null], mergedContextConfiguration = [MergedContextConfiguration@35ddb0af testClass = ArticlesDaoTest, locations = '{classpath:spring-hibernate.xml}', classes = '{}', contextInitializerClasses = '[]', activeProfiles = '{}', contextLoader = 'org.springframework.test.context.support.DelegatingSmartContextLoader', parent = [null]]], dirtiesContext [false].
2015-08-03 20:20:29 INFO  GenericApplicationContext:873 - Closing org.springframework.context.support.GenericApplicationContext@7c1dea5: startup date [Mon Aug 03 20:20:27 BST 2015]; root of context hierarchy
2015-08-03 20:20:29 DEBUG DefaultListableBeanFactory:247 - Returning cached instance of singleton bean 'lifecycleProcessor'
2015-08-03 20:20:29 DEBUG DefaultListableBeanFactory:474 - Destroying singletons in org.springframework.beans.factory.support.DefaultListableBeanFactory@4b7aa8c8: defining beans [org.springframework.context.support.PropertySourcesPlaceholderConfigurer#0,dataSource,sessionFactory,servletProperties,org.springframework.context.annotation.internalConfigurationAnnotationProcessor,org.springframework.context.annotation.internalAutowiredAnnotationProcessor,org.springframework.context.annotation.internalRequiredAnnotationProcessor,org.springframework.context.annotation.internalCommonAnnotationProcessor,org.springframework.context.annotation.internalPersistenceAnnotationProcessor,org.springframework.context.annotation.ConfigurationClassPostProcessor.importAwareProcessor,org.springframework.context.annotation.ConfigurationClassPostProcessor.enhancedConfigurationProcessor]; root of factory hierarchy
2015-08-03 20:20:29 DEBUG DefaultListableBeanFactory:530 - Retrieved dependent beans for bean 'sessionFactory': [com.blackrock.boris.dao.ArticlesDaoTest]
2015-08-03 20:20:29 DEBUG DisposableBeanAdapter:245 - Invoking destroy() on bean with name 'sessionFactory'
2015-08-03 20:20:29 DEBUG SessionFactoryImpl:1339 - HHH000031: Closing
2015-08-03 20:20:29 DEBUG BootstrapServiceRegistryImpl:308 - Implicitly destroying Boot-strap registry on de-registration of all child ServiceRegistries
2015-08-03 20:20:29 DEBUG AbstractServiceRegistryImpl:406 - Implicitly destroying ServiceRegistry on de-registration of all child ServiceRegistries
